WARNING 2018-07-19 11:26:46,310 base 20743 140535671703296 Not Found: /robots.txt
INFO 2018-07-19 11:28:46,234 basehttp 26258 139898790127360 "GET / HTTP/1.1" 302 0
INFO 2018-07-19 11:28:46,296 basehttp 26258 139898790127360 "GET /World HTTP/1.1" 200 4117
INFO 2018-07-19 11:28:47,737 basehttp 26258 139898790127360 "GET /Technology HTTP/1.1" 200 3494
INFO 2018-07-19 11:28:48,523 basehttp 26258 139898790127360 "GET /Design HTTP/1.1" 200 4004
INFO 2018-07-19 11:28:49,066 basehttp 26258 139898790127360 "GET /Culture HTTP/1.1" 200 2748
INFO 2018-07-19 11:28:50,052 basehttp 26258 139898790127360 "GET /Culture HTTP/1.1" 200 2748
INFO 2018-07-19 11:28:50,540 basehttp 26258 139898790127360 "GET /Design HTTP/1.1" 200 4004
INFO 2018-07-19 11:28:51,302 basehttp 26258 139898790127360 "GET /Technology HTTP/1.1" 200 3494
INFO 2018-07-19 11:28:52,602 basehttp 26258 139898790127360 "GET /login HTTP/1.1" 200 2503
INFO 2018-07-19 11:28:55,839 basehttp 26258 139898790127360 "POST /login HTTP/1.1" 302 0
INFO 2018-07-19 11:28:55,858 basehttp 26258 139898790127360 "GET / HTTP/1.1" 302 0
INFO 2018-07-19 11:28:55,923 basehttp 26258 139898790127360 "GET /World HTTP/1.1" 200 4117
INFO 2018-07-19 11:28:57,857 basehttp 26258 139898790127360 "GET /Technology HTTP/1.1" 200 3494
INFO 2018-07-19 11:28:58,427 basehttp 26258 139898790127360 "GET /Design HTTP/1.1" 200 4004
INFO 2018-07-19 11:30:15,659 basehttp 29828 140564262897408 "GET / HTTP/1.1" 302 0
INFO 2018-07-19 11:30:15,721 basehttp 29828 140564262897408 "GET /World HTTP/1.1" 200 4117
INFO 2018-07-19 11:30:16,697 basehttp 29828 140564262897408 "GET /login HTTP/1.1" 200 2503
INFO 2018-07-19 11:30:19,270 basehttp 29828 140564262897408 "POST /login HTTP/1.1" 302 0
INFO 2018-07-19 11:30:19,297 basehttp 29828 140564262897408 "GET / HTTP/1.1" 302 0
INFO 2018-07-19 11:30:19,352 basehttp 29828 140564262897408 "GET /World HTTP/1.1" 200 4117
INFO 2018-07-19 11:30:20,983 basehttp 29828 140564262897408 "GET /Culture HTTP/1.1" 200 2748
INFO 2018-07-19 11:30:21,432 basehttp 29828 140564262897408 "GET /Politics HTTP/1.1" 200 2749
INFO 2018-07-19 11:30:21,923 basehttp 29828 140564262897408 "GET /Science HTTP/1.1" 200 2748
INFO 2018-07-19 11:30:22,937 basehttp 29828 140564262897408 "GET /Science HTTP/1.1" 200 2748
INFO 2018-07-19 11:30:23,924 basehttp 29828 140564262897408 "GET /Culture HTTP/1.1" 200 2748
INFO 2018-07-19 11:30:24,410 basehttp 29828 140564262897408 "GET /Design HTTP/1.1" 200 4004
INFO 2018-07-19 11:30:25,481 basehttp 29828 140564262897408 "GET /Technology HTTP/1.1" 200 3494
INFO 2018-07-19 11:30:25,927 basehttp 29828 140564262897408 "GET /World HTTP/1.1" 200 4117
INFO 2018-07-19 11:30:27,099 basehttp 29828 140564262897408 "GET /Design HTTP/1.1" 200 4004
WARNING 2018-07-19 11:30:27,739 base 29828 140564250736384 Not Found: /robots.txt
WARNING 2018-07-19 11:30:27,746 basehttp 29828 140564250736384 "GET /robots.txt HTTP/1.1" 404 3138
INFO 2018-07-19 11:30:27,753 basehttp 29828 140564262897408 "GET /Politics HTTP/1.1" 200 2749
INFO 2018-07-19 11:30:28,608 basehttp 29828 140564262897408 "GET /Science HTTP/1.1" 200 2748
INFO 2018-07-19 11:30:30,047 basehttp 29828 140564262897408 "GET /Science HTTP/1.1" 200 2748
INFO 2018-07-19 11:30:30,565 basehttp 29828 140564262897408 "GET /Politics HTTP/1.1" 200 2749
INFO 2018-07-19 11:30:31,499 basehttp 29828 140564262897408 "GET /Culture HTTP/1.1" 200 2748
INFO 2018-07-19 11:30:32,088 basehttp 29828 140564262897408 "GET /login HTTP/1.1" 200 2503
INFO 2018-07-19 11:30:41,755 basehttp 29828 140564262897408 "POST /login HTTP/1.1" 302 0
INFO 2018-07-19 11:30:41,782 basehttp 29828 140564262897408 "GET / HTTP/1.1" 302 0
INFO 2018-07-19 11:30:41,840 basehttp 29828 140564262897408 "GET /World HTTP/1.1" 200 4195
INFO 2018-07-19 11:30:45,269 basehttp 29828 140564262897408 "GET /review HTTP/1.1" 200 2962
INFO 2018-07-19 11:30:47,936 basehttp 29828 140564262897408 "GET /Culture HTTP/1.1" 200 2826
INFO 2018-07-19 11:30:49,105 basehttp 29828 140564262897408 "GET /Politics HTTP/1.1" 200 2827
INFO 2018-07-19 11:30:49,747 basehttp 29828 140564262897408 "GET /Science HTTP/1.1" 200 2826
INFO 2018-07-19 11:30:50,292 basehttp 29828 140564262897408 "GET /Design HTTP/1.1" 200 4082
INFO 2018-07-19 11:30:51,652 basehttp 29828 140564262897408 "GET /World HTTP/1.1" 200 4195
INFO 2018-07-19 17:42:50,366 basehttp 16806 140482360907520 "GET /World HTTP/1.1" 200 4195
WARNING 2018-07-19 17:42:50,618 base 16806 140482360907520 Not Found: /robots.txt
WARNING 2018-07-19 17:42:50,618 basehttp 16806 140482360907520 "GET /robots.txt HTTP/1.1" 404 3151
INFO 2018-07-19 17:43:06,387 basehttp 18041 140344994174720 "GET /World HTTP/1.1" 200 3874
INFO 2018-07-19 17:43:11,070 basehttp 18041 140344994174720 "GET /World HTTP/1.1" 200 3874
INFO 2018-07-20 10:27:53,082 basehttp 12799 140051635762944 "GET /World HTTP/1.1" 200 4195
INFO 2018-07-20 10:27:53,262 basehttp 12799 140051635762944 "GET /static/article_app/blog.css HTTP/1.1" 304 0
WARNING 2018-07-20 10:27:54,695 base 12799 140051635762944 Not Found: /favicon.ico
WARNING 2018-07-20 10:27:54,696 basehttp 12799 140051635762944 "GET /favicon.ico HTTP/1.1" 404 3154
INFO 2018-07-20 10:27:58,428 basehttp 12799 140051635762944 "GET / HTTP/1.1" 302 0
INFO 2018-07-20 10:27:58,517 basehttp 12799 140051635762944 "GET /World HTTP/1.1" 200 4195
INFO 2018-07-20 10:31:05,212 basehttp 12799 140051635762944 "GET / HTTP/1.1" 302 0
INFO 2018-07-20 10:31:05,365 basehttp 12799 140051635762944 "GET /World HTTP/1.1" 200 4195
ERROR 2018-07-20 10:34:47,199 exception 12799 140051635762944 Internal Server Error: /Worldddd
Traceback (most recent call last):
  File "/home/eugen/src/Light-Academy.Python/where_article/env/lib/python3.6/site-packages/django/core/handlers/exception.py", line 35, in inner
    response = get_response(request)
  File "/home/eugen/src/Light-Academy.Python/where_article/env/lib/python3.6/site-packages/django/core/handlers/base.py", line 128, in _get_response
    response = self.process_exception_by_middleware(e, request)
  File "/home/eugen/src/Light-Academy.Python/where_article/env/lib/python3.6/site-packages/django/core/handlers/base.py", line 126, in _get_response
    response = wrapped_callback(request, *callback_args, **callback_kwargs)
  File "/home/eugen/src/Light-Academy.Python/where_article/env/lib/python3.6/site-packages/django/views/generic/base.py", line 69, in view
    return self.dispatch(request, *args, **kwargs)
  File "/home/eugen/src/Light-Academy.Python/where_article/env/lib/python3.6/site-packages/django/views/generic/base.py", line 89, in dispatch
    return handler(request, *args, **kwargs)
  File "/home/eugen/src/Light-Academy.Python/where_article/env/lib/python3.6/site-packages/django/views/generic/list.py", line 157, in get
    context = self.get_context_data()
  File "/home/eugen/src/Light-Academy.Python/where_article/article_app/views.py", line 22, in get_context_data
    category_selected = Category.objects.get(name=self.kwargs['category'])
  File "/home/eugen/src/Light-Academy.Python/where_article/env/lib/python3.6/site-packages/django/db/models/manager.py", line 82, in manager_method
    return getattr(self.get_queryset(), name)(*args, **kwargs)
  File "/home/eugen/src/Light-Academy.Python/where_article/env/lib/python3.6/site-packages/django/db/models/query.py", line 403, in get
    self.model._meta.object_name
article_app.models.DoesNotExist: Category matching query does not exist.
ERROR 2018-07-20 10:34:47,426 basehttp 12799 140051635762944 "GET /Worldddd HTTP/1.1" 500 99105
INFO 2018-07-20 15:36:48,737 basehttp 5786 140389431068416 "GET / HTTP/1.1" 302 0
WARNING 2018-07-20 15:36:48,761 base 5786 140389431068416 Not Found: /robots.txt
WARNING 2018-07-20 15:36:48,764 basehttp 5786 140389431068416 "GET /robots.txt HTTP/1.1" 404 3151
INFO 2018-07-20 15:36:48,859 basehttp 5786 140389431068416 "GET /World HTTP/1.1" 200 4195
INFO 2018-07-20 15:37:00,544 basehttp 5786 140389431068416 "GET /logout HTTP/1.1" 302 0
INFO 2018-07-20 15:37:00,583 basehttp 5786 140389431068416 "GET / HTTP/1.1" 302 0
INFO 2018-07-20 15:37:00,648 basehttp 5786 140389431068416 "GET /World HTTP/1.1" 200 4117
INFO 2018-07-20 15:41:56,328 basehttp 5786 140389431068416 "GET /login HTTP/1.1" 200 2503
INFO 2018-07-20 15:42:13,419 basehttp 5786 140389431068416 "GET / HTTP/1.1" 302 0
INFO 2018-07-20 15:42:13,492 basehttp 5786 140389431068416 "GET /World HTTP/1.1" 200 4117
INFO 2018-07-20 15:42:15,491 basehttp 5786 140389431068416 "GET /login HTTP/1.1" 200 2503
INFO 2018-07-20 16:23:11,115 basehttp 5786 140389431068416 "GET / HTTP/1.1" 302 0
INFO 2018-07-20 16:23:11,211 basehttp 5786 140389431068416 "GET /World HTTP/1.1" 200 4117
INFO 2018-07-20 16:23:14,705 basehttp 5786 140389431068416 "GET /signup HTTP/1.1" 200 2961
WARNING 2018-07-20 16:53:21,998 base 27058 139972268553984 Not Found: /robots.txt
WARNING 2018-07-20 16:53:22,009 basehttp 27058 139972268553984 "GET /robots.txt HTTP/1.1" 404 3166
INFO 2018-07-20 16:53:22,012 basehttp 27058 139972276946688 "GET / HTTP/1.1" 302 0
INFO 2018-07-20 16:53:22,102 basehttp 27058 139972276946688 "GET /World HTTP/1.1" 200 4117
INFO 2018-07-20 16:53:23,860 basehttp 27058 139972276946688 "GET /login HTTP/1.1" 200 2503
INFO 2018-07-20 16:53:30,202 basehttp 27058 139972276946688 "POST /login HTTP/1.1" 302 0
INFO 2018-07-20 16:53:30,234 basehttp 27058 139972276946688 "GET / HTTP/1.1" 302 0
INFO 2018-07-20 16:53:30,294 basehttp 27058 139972276946688 "GET /World HTTP/1.1" 200 4195
INFO 2018-07-20 16:53:32,361 basehttp 27058 139972276946688 "GET /logout HTTP/1.1" 302 0
INFO 2018-07-20 16:53:32,418 basehttp 27058 139972276946688 "GET / HTTP/1.1" 302 0
INFO 2018-07-20 16:53:32,509 basehttp 27058 139972276946688 "GET /World HTTP/1.1" 200 4117
INFO 2018-07-20 16:55:36,004 basehttp 27058 139972276946688 "HEAD /logout HTTP/1.1" 302 0
INFO 2018-07-20 16:55:54,623 basehttp 27058 139972276946688 "GET /logout HTTP/1.1" 302 0
INFO 2018-07-20 16:55:54,684 basehttp 27058 139972276946688 "GET / HTTP/1.1" 302 0
INFO 2018-07-20 16:55:54,798 basehttp 27058 139972276946688 "GET /World HTTP/1.1" 200 4117
INFO 2018-07-20 16:59:57,012 basehttp 27058 139972276946688 "GET /logout HTTP/1.1" 302 0
INFO 2018-07-20 17:00:17,565 basehttp 27058 139972276946688 "GET / HTTP/1.1" 302 0
INFO 2018-07-20 17:00:17,709 basehttp 27058 139972276946688 "GET /World HTTP/1.1" 200 4117
WARNING 2018-07-20 17:17:22,762 base 24297 139727524218624 Not Found: /World/add_article
WARNING 2018-07-20 17:17:22,767 basehttp 24297 139727524218624 "GET /World/add_article HTTP/1.1" 404 3228
WARNING 2018-07-20 17:19:28,650 base 24297 139727524218624 Not Found: /World/add_article
WARNING 2018-07-20 17:19:28,651 basehttp 24297 139727524218624 "GET /World/add_article HTTP/1.1" 404 3228
INFO 2018-07-20 17:19:53,106 basehttp 24297 139727524218624 "GET /add_article HTTP/1.1" 200 3564
INFO 2018-07-20 17:20:02,906 basehttp 24297 139727524218624 "GET /logout HTTP/1.1" 302 0
INFO 2018-07-20 17:20:02,961 basehttp 24297 139727524218624 "GET / HTTP/1.1" 302 0
INFO 2018-07-20 17:20:03,031 basehttp 24297 139727524218624 "GET /World HTTP/1.1" 200 4117
INFO 2018-07-20 17:20:09,058 basehttp 24297 139727524218624 "GET /add_article HTTP/1.1" 200 3564
INFO 2018-07-20 17:23:55,681 basehttp 13047 140568772294400 "GET /add_article HTTP/1.1" 302 0
INFO 2018-07-20 17:23:55,756 basehttp 13047 140568772294400 "GET /login?next=/add_article HTTP/1.1" 200 2503
INFO 2018-07-20 17:24:01,990 basehttp 13047 140568772294400 "GET / HTTP/1.1" 302 0
INFO 2018-07-20 17:24:02,153 basehttp 13047 140568772294400 "GET /World HTTP/1.1" 200 4117
INFO 2018-07-20 17:24:09,549 basehttp 13047 140568772294400 "GET /add_article HTTP/1.1" 302 0
INFO 2018-07-20 17:24:09,601 basehttp 13047 140568772294400 "GET /login?next=/add_article HTTP/1.1" 200 2503
WARNING 2018-07-20 17:25:46,868 base 18150 140622976923392 Not Found: /decline/`
WARNING 2018-07-20 17:25:46,883 basehttp 18150 140622976923392 "GET /decline/%60 HTTP/1.1" 404 3206
WARNING 2018-07-20 17:25:46,881 base 18150 140622968268544 Not Found: /robots.txt
WARNING 2018-07-20 17:25:46,890 basehttp 18150 140622968268544 "GET /robots.txt HTTP/1.1" 404 3207
ERROR 2018-07-20 17:25:50,649 exception 18150 140622968268544 Internal Server Error: /decline/1
Traceback (most recent call last):
  File "/home/eugen/src/Light-Academy.Python/where_article/env/lib/python3.6/site-packages/django/core/handlers/exception.py", line 35, in inner
    response = get_response(request)
  File "/home/eugen/src/Light-Academy.Python/where_article/env/lib/python3.6/site-packages/django/core/handlers/base.py", line 128, in _get_response
    response = self.process_exception_by_middleware(e, request)
  File "/home/eugen/src/Light-Academy.Python/where_article/env/lib/python3.6/site-packages/django/core/handlers/base.py", line 126, in _get_response
    response = wrapped_callback(request, *callback_args, **callback_kwargs)
  File "/home/eugen/src/Light-Academy.Python/where_article/env/lib/python3.6/site-packages/django/views/generic/base.py", line 69, in view
    return self.dispatch(request, *args, **kwargs)
  File "/home/eugen/src/Light-Academy.Python/where_article/env/lib/python3.6/site-packages/django/views/generic/base.py", line 89, in dispatch
    return handler(request, *args, **kwargs)
  File "/home/eugen/src/Light-Academy.Python/where_article/env/lib/python3.6/site-packages/django/views/generic/base.py", line 180, in get
    url = self.get_redirect_url(*args, **kwargs)
  File "/home/eugen/src/Light-Academy.Python/where_article/article_app/views.py", line 152, in get_redirect_url
    article = Article.objects.get(id=id)
  File "/home/eugen/src/Light-Academy.Python/where_article/env/lib/python3.6/site-packages/django/db/models/manager.py", line 82, in manager_method
    return getattr(self.get_queryset(), name)(*args, **kwargs)
  File "/home/eugen/src/Light-Academy.Python/where_article/env/lib/python3.6/site-packages/django/db/models/query.py", line 403, in get
    self.model._meta.object_name
article_app.models.DoesNotExist: Article matching query does not exist.
ERROR 2018-07-20 17:25:50,728 basehttp 18150 140622968268544 "GET /decline/1 HTTP/1.1" 500 97096
ERROR 2018-07-20 17:25:58,194 exception 18150 140622968268544 Internal Server Error: /decline
Traceback (most recent call last):
  File "/home/eugen/src/Light-Academy.Python/where_article/env/lib/python3.6/site-packages/django/core/handlers/exception.py", line 35, in inner
    response = get_response(request)
  File "/home/eugen/src/Light-Academy.Python/where_article/env/lib/python3.6/site-packages/django/core/handlers/base.py", line 128, in _get_response
    response = self.process_exception_by_middleware(e, request)
  File "/home/eugen/src/Light-Academy.Python/where_article/env/lib/python3.6/site-packages/django/core/handlers/base.py", line 126, in _get_response
    response = wrapped_callback(request, *callback_args, **callback_kwargs)
  File "/home/eugen/src/Light-Academy.Python/where_article/env/lib/python3.6/site-packages/django/views/generic/base.py", line 69, in view
    return self.dispatch(request, *args, **kwargs)
  File "/home/eugen/src/Light-Academy.Python/where_article/env/lib/python3.6/site-packages/django/views/generic/base.py", line 89, in dispatch
    return handler(request, *args, **kwargs)
  File "/home/eugen/src/Light-Academy.Python/where_article/env/lib/python3.6/site-packages/django/views/generic/list.py", line 157, in get
    context = self.get_context_data()
  File "/home/eugen/src/Light-Academy.Python/where_article/article_app/views.py", line 23, in get_context_data
    category_selected = Category.objects.get(name=self.kwargs['category'])
  File "/home/eugen/src/Light-Academy.Python/where_article/env/lib/python3.6/site-packages/django/db/models/manager.py", line 82, in manager_method
    return getattr(self.get_queryset(), name)(*args, **kwargs)
  File "/home/eugen/src/Light-Academy.Python/where_article/env/lib/python3.6/site-packages/django/db/models/query.py", line 403, in get
    self.model._meta.object_name
article_app.models.DoesNotExist: Category matching query does not exist.
ERROR 2018-07-20 17:25:58,275 basehttp 18150 140622968268544 "GET /decline HTTP/1.1" 500 98855
INFO 2018-07-20 17:26:09,468 basehttp 18150 140622968268544 "GET /login HTTP/1.1" 200 2503
INFO 2018-07-20 17:26:14,577 basehttp 18150 140622968268544 "POST /login HTTP/1.1" 302 0
INFO 2018-07-20 17:26:14,615 basehttp 18150 140622968268544 "GET / HTTP/1.1" 302 0
INFO 2018-07-20 17:26:14,670 basehttp 18150 140622968268544 "GET /World HTTP/1.1" 200 4195
INFO 2018-07-20 17:26:18,463 basehttp 18150 140622968268544 "GET /logout HTTP/1.1" 302 0
INFO 2018-07-20 17:26:18,516 basehttp 18150 140622968268544 "GET / HTTP/1.1" 302 0
INFO 2018-07-20 17:26:18,578 basehttp 18150 140622968268544 "GET /World HTTP/1.1" 200 4117
INFO 2018-07-20 17:26:20,562 basehttp 18150 140622968268544 "GET /login HTTP/1.1" 200 2503
INFO 2018-07-20 17:26:25,835 basehttp 18150 140622968268544 "POST /login HTTP/1.1" 302 0
INFO 2018-07-20 17:26:25,870 basehttp 18150 140622968268544 "GET / HTTP/1.1" 302 0
INFO 2018-07-20 17:26:25,926 basehttp 18150 140622968268544 "GET /World HTTP/1.1" 200 4124
INFO 2018-07-20 17:26:28,055 basehttp 18150 140622968268544 "GET /add_article HTTP/1.1" 200 3564
INFO 2018-07-20 17:26:47,157 basehttp 18150 140622968268544 "POST /add_article HTTP/1.1" 302 0
INFO 2018-07-20 17:26:47,192 basehttp 18150 140622968268544 "GET / HTTP/1.1" 302 0
INFO 2018-07-20 17:26:47,259 basehttp 18150 140622968268544 "GET /World HTTP/1.1" 200 4138
INFO 2018-07-20 17:26:49,437 basehttp 18150 140622968268544 "GET /logout HTTP/1.1" 302 0
INFO 2018-07-20 17:26:49,469 basehttp 18150 140622968268544 "GET / HTTP/1.1" 302 0
INFO 2018-07-20 17:26:49,536 basehttp 18150 140622968268544 "GET /World HTTP/1.1" 200 4131
INFO 2018-07-20 17:26:51,009 basehttp 18150 140622968268544 "GET /login HTTP/1.1" 200 2503
INFO 2018-07-20 17:26:55,558 basehttp 18150 140622968268544 "POST /login HTTP/1.1" 302 0
INFO 2018-07-20 17:26:55,599 basehttp 18150 140622968268544 "GET / HTTP/1.1" 302 0
INFO 2018-07-20 17:26:55,676 basehttp 18150 140622968268544 "GET /World HTTP/1.1" 200 4209
INFO 2018-07-20 17:26:56,705 basehttp 18150 140622968268544 "GET /review HTTP/1.1" 200 3321
INFO 2018-07-20 17:27:11,163 basehttp 18150 140622968268544 "GET / HTTP/1.1" 302 0
INFO 2018-07-20 17:27:11,243 basehttp 18150 140622968268544 "GET /World HTTP/1.1" 200 4209
INFO 2018-07-20 17:27:12,573 basehttp 18150 140622968268544 "GET /logout HTTP/1.1" 302 0
INFO 2018-07-20 17:27:12,624 basehttp 18150 140622968268544 "GET / HTTP/1.1" 302 0
INFO 2018-07-20 17:27:12,707 basehttp 18150 140622968268544 "GET /World HTTP/1.1" 200 4131
INFO 2018-07-20 17:27:20,367 basehttp 18150 140622968268544 "GET /decline/10 HTTP/1.1" 302 0
INFO 2018-07-20 17:27:20,386 basehttp 18150 140622968268544 "GET /review HTTP/1.1" 302 0
INFO 2018-07-20 17:27:20,404 basehttp 18150 140622968268544 "GET /login?next=/review HTTP/1.1" 200 2503
INFO 2018-07-20 17:27:32,411 basehttp 18150 140622968268544 "POST /login?next=/review HTTP/1.1" 302 0
INFO 2018-07-20 17:27:32,446 basehttp 18150 140622968268544 "GET / HTTP/1.1" 302 0
INFO 2018-07-20 17:27:32,510 basehttp 18150 140622968268544 "GET /World HTTP/1.1" 200 4124
INFO 2018-07-20 17:27:36,292 basehttp 18150 140622968268544 "GET /add_article HTTP/1.1" 200 3564
INFO 2018-07-20 17:27:39,730 basehttp 18150 140622968268544 "POST /add_article HTTP/1.1" 302 0
INFO 2018-07-20 17:27:39,761 basehttp 18150 140622968268544 "GET / HTTP/1.1" 302 0
INFO 2018-07-20 17:27:39,823 basehttp 18150 140622968268544 "GET /World HTTP/1.1" 200 4138
INFO 2018-07-20 17:27:41,145 basehttp 18150 140622968268544 "GET /logout HTTP/1.1" 302 0
INFO 2018-07-20 17:27:41,194 basehttp 18150 140622968268544 "GET / HTTP/1.1" 302 0
INFO 2018-07-20 17:27:41,273 basehttp 18150 140622968268544 "GET /World HTTP/1.1" 200 4131
INFO 2018-07-20 17:27:42,917 basehttp 18150 140622968268544 "GET /login HTTP/1.1" 200 2503
WARNING 2018-07-20 17:27:50,034 base 18150 140622976923392 Not Found: /robots.txt
WARNING 2018-07-20 17:27:50,035 basehttp 18150 140622976923392 "GET /robots.txt HTTP/1.1" 404 3207
INFO 2018-07-20 17:27:50,178 basehttp 18150 140622968268544 "POST /login HTTP/1.1" 302 0
INFO 2018-07-20 17:27:50,216 basehttp 18150 140622968268544 "GET / HTTP/1.1" 302 0
INFO 2018-07-20 17:27:50,275 basehttp 18150 140622968268544 "GET /World HTTP/1.1" 200 4209
INFO 2018-07-20 17:27:51,557 basehttp 18150 140622968268544 "GET /review HTTP/1.1" 200 3267
INFO 2018-07-20 17:27:53,720 basehttp 18150 140622968268544 "GET /decline/11 HTTP/1.1" 302 0
INFO 2018-07-20 17:27:53,770 basehttp 18150 140622968268544 "GET /review HTTP/1.1" 200 2962
INFO 2018-07-20 17:28:27,418 basehttp 18150 140622968268544 "GET /logout HTTP/1.1" 302 0
INFO 2018-07-20 17:28:27,472 basehttp 18150 140622968268544 "GET / HTTP/1.1" 302 0
INFO 2018-07-20 17:28:27,547 basehttp 18150 140622968268544 "GET /World HTTP/1.1" 200 4117
INFO 2018-07-20 17:28:29,591 basehttp 26284 140663232497408 "GET /login HTTP/1.1" 200 2503
INFO 2018-07-20 17:28:34,968 basehttp 26284 140663232497408 "POST /login HTTP/1.1" 302 0
INFO 2018-07-20 17:28:35,022 basehttp 26284 140663232497408 "GET / HTTP/1.1" 302 0
INFO 2018-07-20 17:28:35,181 basehttp 26284 140663232497408 "GET /World HTTP/1.1" 200 4124
INFO 2018-07-20 17:28:36,507 basehttp 26284 140663232497408 "GET /add_article HTTP/1.1" 200 3564
INFO 2018-07-20 17:28:40,530 basehttp 26284 140663232497408 "POST /add_article HTTP/1.1" 302 0
INFO 2018-07-20 17:28:40,568 basehttp 26284 140663232497408 "GET / HTTP/1.1" 302 0
INFO 2018-07-20 17:28:40,666 basehttp 26284 140663232497408 "GET /World HTTP/1.1" 200 4138
INFO 2018-07-20 17:28:42,399 basehttp 26284 140663232497408 "GET /add_article HTTP/1.1" 200 3564
INFO 2018-07-20 17:28:46,183 basehttp 26284 140663232497408 "POST /add_article HTTP/1.1" 302 0
INFO 2018-07-20 17:28:46,236 basehttp 26284 140663232497408 "GET / HTTP/1.1" 302 0
INFO 2018-07-20 17:28:46,336 basehttp 26284 140663232497408 "GET /World HTTP/1.1" 200 4152
INFO 2018-07-20 17:28:48,308 basehttp 26284 140663232497408 "GET /add_article HTTP/1.1" 200 3564
INFO 2018-07-20 17:28:51,750 basehttp 26284 140663232497408 "POST /add_article HTTP/1.1" 302 0
INFO 2018-07-20 17:28:51,802 basehttp 26284 140663232497408 "GET / HTTP/1.1" 302 0
INFO 2018-07-20 17:28:51,880 basehttp 26284 140663232497408 "GET /World HTTP/1.1" 200 4166
INFO 2018-07-20 17:46:36,230 basehttp 10220 139677535868672 "GET / HTTP/1.1" 302 0
INFO 2018-07-20 17:46:36,493 basehttp 10220 139677535868672 "GET /World HTTP/1.1" 200 4166
INFO 2018-07-20 17:46:46,938 basehttp 10220 139677535868672 "GET / HTTP/1.1" 302 0
ERROR 2018-07-20 17:46:47,003 exception 10220 139677535868672 Internal Server Error: /World
Traceback (most recent call last):
  File "/home/eugen/src/Light-Academy.Python/where_article/env/lib/python3.6/site-packages/django/db/backends/utils.py", line 85, in _execute
    return self.cursor.execute(sql, params)
psycopg2.IntegrityError: duplicate key value violates unique constraint "auth_permission_content_type_id_codename_01ab375a_uniq"
DETAIL:  Key (content_type_id, codename)=(4, can_add_category) already exists.


The above exception was the direct cause of the following exception:

Traceback (most recent call last):
  File "/home/eugen/src/Light-Academy.Python/where_article/env/lib/python3.6/site-packages/django/core/handlers/exception.py", line 35, in inner
    response = get_response(request)
  File "/home/eugen/src/Light-Academy.Python/where_article/env/lib/python3.6/site-packages/django/core/handlers/base.py", line 128, in _get_response
    response = self.process_exception_by_middleware(e, request)
  File "/home/eugen/src/Light-Academy.Python/where_article/env/lib/python3.6/site-packages/django/core/handlers/base.py", line 126, in _get_response
    response = wrapped_callback(request, *callback_args, **callback_kwargs)
  File "/home/eugen/src/Light-Academy.Python/where_article/env/lib/python3.6/site-packages/django/views/generic/base.py", line 69, in view
    return self.dispatch(request, *args, **kwargs)
  File "/home/eugen/src/Light-Academy.Python/where_article/env/lib/python3.6/site-packages/django/views/generic/base.py", line 89, in dispatch
    return handler(request, *args, **kwargs)
  File "/home/eugen/src/Light-Academy.Python/where_article/env/lib/python3.6/site-packages/django/views/generic/list.py", line 157, in get
    context = self.get_context_data()
  File "/home/eugen/src/Light-Academy.Python/where_article/article_app/views.py", line 32, in get_context_data
    content_type=content_type,
  File "/home/eugen/src/Light-Academy.Python/where_article/env/lib/python3.6/site-packages/django/db/models/manager.py", line 82, in manager_method
    return getattr(self.get_queryset(), name)(*args, **kwargs)
  File "/home/eugen/src/Light-Academy.Python/where_article/env/lib/python3.6/site-packages/django/db/models/query.py", line 417, in create
    obj.save(force_insert=True, using=self.db)
  File "/home/eugen/src/Light-Academy.Python/where_article/env/lib/python3.6/site-packages/django/db/models/base.py", line 729, in save
    force_update=force_update, update_fields=update_fields)
  File "/home/eugen/src/Light-Academy.Python/where_article/env/lib/python3.6/site-packages/django/db/models/base.py", line 759, in save_base
    updated = self._save_table(raw, cls, force_insert, force_update, using, update_fields)
  File "/home/eugen/src/Light-Academy.Python/where_article/env/lib/python3.6/site-packages/django/db/models/base.py", line 842, in _save_table
    result = self._do_insert(cls._base_manager, using, fields, update_pk, raw)
  File "/home/eugen/src/Light-Academy.Python/where_article/env/lib/python3.6/site-packages/django/db/models/base.py", line 880, in _do_insert
    using=using, raw=raw)
  File "/home/eugen/src/Light-Academy.Python/where_article/env/lib/python3.6/site-packages/django/db/models/manager.py", line 82, in manager_method
    return getattr(self.get_queryset(), name)(*args, **kwargs)
  File "/home/eugen/src/Light-Academy.Python/where_article/env/lib/python3.6/site-packages/django/db/models/query.py", line 1125, in _insert
    return query.get_compiler(using=using).execute_sql(return_id)
  File "/home/eugen/src/Light-Academy.Python/where_article/env/lib/python3.6/site-packages/django/db/models/sql/compiler.py", line 1285, in execute_sql
    cursor.execute(sql, params)
  File "/home/eugen/src/Light-Academy.Python/where_article/env/lib/python3.6/site-packages/django/db/backends/utils.py", line 100, in execute
    return super().execute(sql, params)
  File "/home/eugen/src/Light-Academy.Python/where_article/env/lib/python3.6/site-packages/django/db/backends/utils.py", line 68, in execute
    return self._execute_with_wrappers(sql, params, many=False, executor=self._execute)
  File "/home/eugen/src/Light-Academy.Python/where_article/env/lib/python3.6/site-packages/django/db/backends/utils.py", line 77, in _execute_with_wrappers
    return executor(sql, params, many, context)
  File "/home/eugen/src/Light-Academy.Python/where_article/env/lib/python3.6/site-packages/django/db/backends/utils.py", line 85, in _execute
    return self.cursor.execute(sql, params)
  File "/home/eugen/src/Light-Academy.Python/where_article/env/lib/python3.6/site-packages/django/db/utils.py", line 89, in __exit__
    raise dj_exc_value.with_traceback(traceback) from exc_value
  File "/home/eugen/src/Light-Academy.Python/where_article/env/lib/python3.6/site-packages/django/db/backends/utils.py", line 85, in _execute
    return self.cursor.execute(sql, params)
django.db.utils.IntegrityError: duplicate key value violates unique constraint "auth_permission_content_type_id_codename_01ab375a_uniq"
DETAIL:  Key (content_type_id, codename)=(4, can_add_category) already exists.

ERROR 2018-07-20 17:46:47,351 basehttp 10220 139677535868672 "GET /World HTTP/1.1" 500 174980
ERROR 2018-07-20 17:46:59,395 exception 10220 139677535868672 Internal Server Error: /World
Traceback (most recent call last):
  File "/home/eugen/src/Light-Academy.Python/where_article/env/lib/python3.6/site-packages/django/db/backends/utils.py", line 85, in _execute
    return self.cursor.execute(sql, params)
psycopg2.IntegrityError: duplicate key value violates unique constraint "auth_permission_content_type_id_codename_01ab375a_uniq"
DETAIL:  Key (content_type_id, codename)=(4, can_add_category) already exists.


The above exception was the direct cause of the following exception:

Traceback (most recent call last):
  File "/home/eugen/src/Light-Academy.Python/where_article/env/lib/python3.6/site-packages/django/core/handlers/exception.py", line 35, in inner
    response = get_response(request)
  File "/home/eugen/src/Light-Academy.Python/where_article/env/lib/python3.6/site-packages/django/core/handlers/base.py", line 128, in _get_response
    response = self.process_exception_by_middleware(e, request)
  File "/home/eugen/src/Light-Academy.Python/where_article/env/lib/python3.6/site-packages/django/core/handlers/base.py", line 126, in _get_response
    response = wrapped_callback(request, *callback_args, **callback_kwargs)
  File "/home/eugen/src/Light-Academy.Python/where_article/env/lib/python3.6/site-packages/django/views/generic/base.py", line 69, in view
    return self.dispatch(request, *args, **kwargs)
  File "/home/eugen/src/Light-Academy.Python/where_article/env/lib/python3.6/site-packages/django/views/generic/base.py", line 89, in dispatch
    return handler(request, *args, **kwargs)
  File "/home/eugen/src/Light-Academy.Python/where_article/env/lib/python3.6/site-packages/django/views/generic/list.py", line 157, in get
    context = self.get_context_data()
  File "/home/eugen/src/Light-Academy.Python/where_article/article_app/views.py", line 32, in get_context_data
    content_type=content_type,
  File "/home/eugen/src/Light-Academy.Python/where_article/env/lib/python3.6/site-packages/django/db/models/manager.py", line 82, in manager_method
    return getattr(self.get_queryset(), name)(*args, **kwargs)
  File "/home/eugen/src/Light-Academy.Python/where_article/env/lib/python3.6/site-packages/django/db/models/query.py", line 417, in create
    obj.save(force_insert=True, using=self.db)
  File "/home/eugen/src/Light-Academy.Python/where_article/env/lib/python3.6/site-packages/django/db/models/base.py", line 729, in save
    force_update=force_update, update_fields=update_fields)
  File "/home/eugen/src/Light-Academy.Python/where_article/env/lib/python3.6/site-packages/django/db/models/base.py", line 759, in save_base
    updated = self._save_table(raw, cls, force_insert, force_update, using, update_fields)
  File "/home/eugen/src/Light-Academy.Python/where_article/env/lib/python3.6/site-packages/django/db/models/base.py", line 842, in _save_table
    result = self._do_insert(cls._base_manager, using, fields, update_pk, raw)
  File "/home/eugen/src/Light-Academy.Python/where_article/env/lib/python3.6/site-packages/django/db/models/base.py", line 880, in _do_insert
    using=using, raw=raw)
  File "/home/eugen/src/Light-Academy.Python/where_article/env/lib/python3.6/site-packages/django/db/models/manager.py", line 82, in manager_method
    return getattr(self.get_queryset(), name)(*args, **kwargs)
  File "/home/eugen/src/Light-Academy.Python/where_article/env/lib/python3.6/site-packages/django/db/models/query.py", line 1125, in _insert
    return query.get_compiler(using=using).execute_sql(return_id)
  File "/home/eugen/src/Light-Academy.Python/where_article/env/lib/python3.6/site-packages/django/db/models/sql/compiler.py", line 1285, in execute_sql
    cursor.execute(sql, params)
  File "/home/eugen/src/Light-Academy.Python/where_article/env/lib/python3.6/site-packages/django/db/backends/utils.py", line 100, in execute
    return super().execute(sql, params)
  File "/home/eugen/src/Light-Academy.Python/where_article/env/lib/python3.6/site-packages/django/db/backends/utils.py", line 68, in execute
    return self._execute_with_wrappers(sql, params, many=False, executor=self._execute)
  File "/home/eugen/src/Light-Academy.Python/where_article/env/lib/python3.6/site-packages/django/db/backends/utils.py", line 77, in _execute_with_wrappers
    return executor(sql, params, many, context)
  File "/home/eugen/src/Light-Academy.Python/where_article/env/lib/python3.6/site-packages/django/db/backends/utils.py", line 85, in _execute
    return self.cursor.execute(sql, params)
  File "/home/eugen/src/Light-Academy.Python/where_article/env/lib/python3.6/site-packages/django/db/utils.py", line 89, in __exit__
    raise dj_exc_value.with_traceback(traceback) from exc_value
  File "/home/eugen/src/Light-Academy.Python/where_article/env/lib/python3.6/site-packages/django/db/backends/utils.py", line 85, in _execute
    return self.cursor.execute(sql, params)
django.db.utils.IntegrityError: duplicate key value violates unique constraint "auth_permission_content_type_id_codename_01ab375a_uniq"
DETAIL:  Key (content_type_id, codename)=(4, can_add_category) already exists.

ERROR 2018-07-20 17:46:59,615 basehttp 10220 139677535868672 "GET /World HTTP/1.1" 500 175115
INFO 2018-07-20 17:47:03,891 basehttp 11642 140112920852224 "GET /World HTTP/1.1" 200 4166
INFO 2018-07-20 17:48:16,440 basehttp 14898 139893910730496 "GET /logout HTTP/1.1" 302 0
INFO 2018-07-20 17:48:16,515 basehttp 14898 139893910730496 "GET / HTTP/1.1" 302 0
INFO 2018-07-20 17:48:16,638 basehttp 14898 139893910730496 "GET /World HTTP/1.1" 200 4159
INFO 2018-07-20 17:48:25,364 basehttp 14898 139893910730496 "GET /login HTTP/1.1" 200 2503
INFO 2018-07-20 17:48:32,019 basehttp 14898 139893910730496 "POST /login HTTP/1.1" 302 0
INFO 2018-07-20 17:48:32,063 basehttp 14898 139893910730496 "GET / HTTP/1.1" 302 0
INFO 2018-07-20 17:48:32,159 basehttp 14898 139893910730496 "GET /World HTTP/1.1" 200 4166
INFO 2018-07-20 17:48:38,972 basehttp 14898 139893910730496 "GET /review HTTP/1.1" 200 3270
INFO 2018-07-20 17:48:41,568 basehttp 14898 139893910730496 "GET / HTTP/1.1" 302 0
INFO 2018-07-20 17:48:41,681 basehttp 14898 139893910730496 "GET /World HTTP/1.1" 200 4166
INFO 2018-07-20 17:48:49,273 basehttp 14898 139893910730496 "GET /add_category HTTP/1.1" 302 0
INFO 2018-07-20 17:48:49,305 basehttp 14898 139893910730496 "GET /login?next=/add_category HTTP/1.1" 200 2503
INFO 2018-07-20 17:51:48,419 basehttp 26530 139917171623680 "GET /login?next=/add_category HTTP/1.1" 200 2503
INFO 2018-07-20 17:51:54,487 basehttp 26530 139917171623680 "GET /login?next=/add_category HTTP/1.1" 200 2503
INFO 2018-07-20 17:52:04,749 basehttp 26530 139917171623680 "GET /add_category HTTP/1.1" 302 0
INFO 2018-07-20 17:52:04,806 basehttp 26530 139917171623680 "GET /signup?next=/add_category HTTP/1.1" 200 2961
INFO 2018-07-20 17:53:01,950 basehttp 29579 140671377463040 "GET /review HTTP/1.1" 302 0
WARNING 2018-07-20 17:53:01,964 base 29579 140671369070336 Not Found: /robots.txt
WARNING 2018-07-20 17:53:01,965 basehttp 29579 140671369070336 "GET /robots.txt HTTP/1.1" 404 3207
INFO 2018-07-20 17:53:02,034 basehttp 29579 140671369070336 "GET /login?next=/review HTTP/1.1" 200 2503
INFO 2018-07-20 17:53:16,502 basehttp 29579 140671369070336 "GET /decline/13 HTTP/1.1" 302 0
INFO 2018-07-20 17:53:16,582 basehttp 29579 140671369070336 "GET /login?next=/decline/13 HTTP/1.1" 200 2503
INFO 2018-07-20 17:53:19,688 basehttp 29579 140671369070336 "GET / HTTP/1.1" 302 0
INFO 2018-07-20 17:53:19,835 basehttp 29579 140671369070336 "GET /World HTTP/1.1" 200 4166
INFO 2018-07-20 17:53:24,774 basehttp 29579 140671369070336 "GET /logout HTTP/1.1" 302 0
INFO 2018-07-20 17:53:24,853 basehttp 29579 140671369070336 "GET / HTTP/1.1" 302 0
INFO 2018-07-20 17:53:24,962 basehttp 29579 140671369070336 "GET /World HTTP/1.1" 200 4159
INFO 2018-07-20 17:53:26,571 basehttp 29579 140671369070336 "GET /login HTTP/1.1" 200 2503
INFO 2018-07-20 17:53:32,312 basehttp 29579 140671369070336 "POST /login HTTP/1.1" 302 0
INFO 2018-07-20 17:53:32,359 basehttp 29579 140671369070336 "GET / HTTP/1.1" 302 0
INFO 2018-07-20 17:53:32,429 basehttp 29579 140671369070336 "GET /World HTTP/1.1" 200 4237
INFO 2018-07-20 17:53:40,318 basehttp 29579 140671369070336 "GET /review HTTP/1.1" 302 0
INFO 2018-07-20 17:53:40,349 basehttp 29579 140671369070336 "GET /login?next=/review HTTP/1.1" 200 2503
INFO 2018-07-20 17:54:30,944 basehttp 29579 140671369070336 "GET /admin/ HTTP/1.1" 200 1973
INFO 2018-07-20 17:54:31,167 basehttp 29579 140671369070336 "GET /static/admin/css/dashboard.css HTTP/1.1" 304 0
INFO 2018-07-20 17:54:31,184 basehttp 29579 140671369070336 "GET /static/admin/css/base.css HTTP/1.1" 304 0
INFO 2018-07-20 17:54:31,209 basehttp 29579 140671369070336 "GET /static/admin/css/responsive.css HTTP/1.1" 304 0
INFO 2018-07-20 17:54:31,832 basehttp 29579 140671369070336 "GET /static/admin/css/fonts.css HTTP/1.1" 304 0
INFO 2018-07-20 17:54:32,032 basehttp 29579 140671369070336 "GET /static/admin/fonts/Roboto-Light-webfont.woff HTTP/1.1" 304 0
INFO 2018-07-20 17:54:32,047 basehttp 29579 140671369070336 "GET /static/admin/fonts/Roboto-Regular-webfont.woff HTTP/1.1" 304 0
INFO 2018-07-20 17:54:32,049 basehttp 29579 140671377463040 "GET /static/admin/fonts/Roboto-Bold-webfont.woff HTTP/1.1" 304 0
INFO 2018-07-20 17:54:37,872 basehttp 29579 140671377463040 "GET /admin/logout/ HTTP/1.1" 200 1215
INFO 2018-07-20 17:54:39,738 basehttp 29579 140671377463040 "GET /admin/ HTTP/1.1" 302 0
INFO 2018-07-20 17:54:39,830 basehttp 29579 140671377463040 "GET /admin/login/?next=/admin/ HTTP/1.1" 200 1855
INFO 2018-07-20 17:54:39,928 basehttp 29579 140671377463040 "GET /static/admin/css/login.css HTTP/1.1" 304 0
INFO 2018-07-20 17:54:45,716 basehttp 29579 140671377463040 "POST /admin/login/?next=/admin/ HTTP/1.1" 200 2016
INFO 2018-07-20 17:55:50,433 basehttp 29579 140671377463040 "POST /admin/login/?next=/admin/ HTTP/1.1" 302 0
INFO 2018-07-20 17:55:50,530 basehttp 29579 140671377463040 "GET /admin/ HTTP/1.1" 200 4585
INFO 2018-07-20 17:55:51,401 basehttp 29579 140671377463040 "GET /static/admin/img/icon-changelink.svg HTTP/1.1" 304 0
INFO 2018-07-20 17:55:51,416 basehttp 29579 140671377463040 "GET /static/admin/img/icon-addlink.svg HTTP/1.1" 304 0
INFO 2018-07-20 17:55:57,614 basehttp 29579 140671377463040 "GET /admin/auth/user/ HTTP/1.1" 200 8808
INFO 2018-07-20 17:55:57,768 basehttp 29579 140671369070336 "GET /static/admin/css/changelists.css HTTP/1.1" 304 0
INFO 2018-07-20 17:55:57,799 basehttp 29579 140671377463040 "GET /admin/jsi18n/ HTTP/1.1" 200 3185
INFO 2018-07-20 17:55:57,822 basehttp 29579 140671377463040 "GET /static/admin/js/jquery.init.js HTTP/1.1" 304 0
INFO 2018-07-20 17:55:57,842 basehttp 29579 140671377463040 "GET /static/admin/js/vendor/jquery/jquery.js HTTP/1.1" 304 0
INFO 2018-07-20 17:55:57,900 basehttp 29579 140671377463040 "GET /static/admin/js/core.js HTTP/1.1" 304 0
INFO 2018-07-20 17:55:57,956 basehttp 29579 140671377463040 "GET /static/admin/js/admin/RelatedObjectLookups.js HTTP/1.1" 304 0
INFO 2018-07-20 17:55:57,962 basehttp 29579 140671369070336 "GET /static/admin/js/urlify.js HTTP/1.1" 304 0
INFO 2018-07-20 17:55:57,981 basehttp 29579 140671357695744 "GET /static/admin/js/prepopulate.js HTTP/1.1" 304 0
INFO 2018-07-20 17:55:58,007 basehttp 29579 140671369070336 "GET /static/admin/js/vendor/xregexp/xregexp.js HTTP/1.1" 304 0
INFO 2018-07-20 17:55:58,043 basehttp 29579 140671357695744 "GET /static/admin/js/actions.js HTTP/1.1" 304 0
INFO 2018-07-20 17:55:58,191 basehttp 29579 140671357695744 "GET /static/admin/img/search.svg HTTP/1.1" 304 0
INFO 2018-07-20 17:55:58,232 basehttp 29579 140671357695744 "GET /static/admin/img/icon-yes.svg HTTP/1.1" 304 0
INFO 2018-07-20 17:55:58,263 basehttp 29579 140671357695744 "GET /static/admin/img/icon-no.svg HTTP/1.1" 304 0
INFO 2018-07-20 17:55:58,523 basehttp 29579 140671357695744 "GET /static/admin/img/sorting-icons.svg HTTP/1.1" 304 0
INFO 2018-07-20 17:55:58,550 basehttp 29579 140671357695744 "GET /static/admin/img/tooltag-add.svg HTTP/1.1" 304 0
INFO 2018-07-20 17:56:03,872 basehttp 29579 140671357695744 "GET /admin/auth/user/1/change/ HTTP/1.1" 200 15679
INFO 2018-07-20 17:56:04,046 basehttp 29579 140671357695744 "GET /static/admin/css/forms.css HTTP/1.1" 200 8173
INFO 2018-07-20 17:56:04,064 basehttp 29579 140671369070336 "GET /admin/jsi18n/ HTTP/1.1" 200 3185
INFO 2018-07-20 17:56:04,136 basehttp 29579 140671377463040 "GET /static/admin/js/calendar.js HTTP/1.1" 200 7777
INFO 2018-07-20 17:56:04,137 basehttp 29579 140671369070336 "GET /static/admin/js/SelectBox.js HTTP/1.1" 200 5755
INFO 2018-07-20 17:56:04,147 basehttp 29579 140671357695744 "GET /static/admin/js/SelectFilter2.js HTTP/1.1" 200 12680
INFO 2018-07-20 17:56:04,212 basehttp 29579 140671357695744 "GET /static/admin/js/admin/DateTimeShortcuts.js HTTP/1.1" 200 20283
INFO 2018-07-20 17:56:04,356 basehttp 29579 140671357695744 "GET /static/admin/js/change_form.js HTTP/1.1" 200 712
INFO 2018-07-20 17:56:04,396 basehttp 29579 140671357695744 "GET /static/admin/js/prepopulate_init.js HTTP/1.1" 200 495
INFO 2018-07-20 17:56:04,508 basehttp 29579 140671357695744 "GET /static/admin/css/widgets.css HTTP/1.1" 200 10340
INFO 2018-07-20 17:56:05,070 basehttp 29579 140671357695744 "GET /static/admin/img/selector-icons.svg HTTP/1.1" 200 3291
INFO 2018-07-20 17:56:05,095 basehttp 29579 140671357695744 "GET /static/admin/img/icon-unknown-alt.svg HTTP/1.1" 200 655
INFO 2018-07-20 17:56:05,122 basehttp 29579 140671357695744 "GET /static/admin/img/icon-unknown.svg HTTP/1.1" 200 655
INFO 2018-07-20 17:56:05,204 basehttp 29579 140671357695744 "GET /static/admin/img/icon-clock.svg HTTP/1.1" 200 677
INFO 2018-07-20 17:56:05,260 basehttp 29579 140671357695744 "GET /static/admin/img/icon-calendar.svg HTTP/1.1" 200 1086
INFO 2018-07-20 17:57:02,857 basehttp 11179 140155196032768 "GET /review HTTP/1.1" 200 3270
INFO 2018-07-20 17:57:14,920 basehttp 11179 140155196032768 "GET /decline/13 HTTP/1.1" 302 0
INFO 2018-07-20 17:57:14,991 basehttp 11179 140155196032768 "GET /review HTTP/1.1" 200 3270
INFO 2018-07-20 17:57:27,671 basehttp 11179 140155196032768 "GET /add_category HTTP/1.1" 200 3087
INFO 2018-07-20 17:57:40,551 basehttp 11179 140155196032768 "GET / HTTP/1.1" 302 0
INFO 2018-07-20 17:57:40,662 basehttp 11179 140155196032768 "GET /World HTTP/1.1" 200 4223
INFO 2018-07-20 17:57:56,640 basehttp 14081 140587969804032 "GET /review HTTP/1.1" 200 3270
INFO 2018-07-20 17:57:59,455 basehttp 14081 140587969804032 "GET /logout HTTP/1.1" 302 0
INFO 2018-07-20 17:57:59,503 basehttp 14081 140587969804032 "GET / HTTP/1.1" 302 0
INFO 2018-07-20 17:57:59,592 basehttp 14081 140587969804032 "GET /World HTTP/1.1" 200 4145
INFO 2018-07-20 17:58:01,195 basehttp 14081 140587969804032 "GET /login HTTP/1.1" 200 2503
INFO 2018-07-20 17:58:07,614 basehttp 14081 140587969804032 "POST /login HTTP/1.1" 302 0
INFO 2018-07-20 17:58:07,656 basehttp 14081 140587969804032 "GET / HTTP/1.1" 302 0
INFO 2018-07-20 17:58:07,751 basehttp 14081 140587969804032 "GET /World HTTP/1.1" 200 4152
INFO 2018-07-20 17:58:13,384 basehttp 14081 140587969804032 "GET /review HTTP/1.1" 302 0
INFO 2018-07-20 17:58:13,442 basehttp 14081 140587969804032 "GET /login?next=/review HTTP/1.1" 200 2503
INFO 2018-07-20 17:58:15,510 basehttp 14081 140587969804032 "GET / HTTP/1.1" 302 0
INFO 2018-07-20 17:58:15,672 basehttp 14081 140587969804032 "GET /World HTTP/1.1" 200 4152
INFO 2018-07-20 17:58:18,296 basehttp 14081 140587969804032 "GET /logout HTTP/1.1" 302 0
INFO 2018-07-20 17:58:18,363 basehttp 14081 140587969804032 "GET / HTTP/1.1" 302 0
INFO 2018-07-20 17:58:18,475 basehttp 14081 140587969804032 "GET /World HTTP/1.1" 200 4145
INFO 2018-07-20 17:58:23,629 basehttp 14081 140587969804032 "GET /login HTTP/1.1" 200 2503
WARNING 2018-07-20 17:58:36,074 base 14081 140587961411328 Not Found: /robots.txt
WARNING 2018-07-20 17:58:36,083 basehttp 14081 140587961411328 "GET /robots.txt HTTP/1.1" 404 3207
INFO 2018-07-20 17:58:36,307 basehttp 14081 140587969804032 "POST /login HTTP/1.1" 302 0
INFO 2018-07-20 17:58:36,354 basehttp 14081 140587969804032 "GET / HTTP/1.1" 302 0
INFO 2018-07-20 17:58:36,432 basehttp 14081 140587969804032 "GET /World HTTP/1.1" 200 4223
INFO 2018-07-20 17:58:40,146 basehttp 14081 140587969804032 "GET /review HTTP/1.1" 302 0
INFO 2018-07-20 17:58:40,195 basehttp 14081 140587969804032 "GET /login?next=/review HTTP/1.1" 200 2503
INFO 2018-07-20 17:58:50,064 basehttp 14081 140587969804032 "GET /review HTTP/1.1" 302 0
INFO 2018-07-20 17:58:50,189 basehttp 14081 140587969804032 "GET /login?next=/review HTTP/1.1" 200 2503
INFO 2018-07-20 17:59:04,316 basehttp 14081 140587969804032 "GET /add_category HTTP/1.1" 302 0
INFO 2018-07-20 17:59:04,385 basehttp 14081 140587969804032 "GET /login?next=/add_category HTTP/1.1" 200 2503
INFO 2018-07-20 17:59:09,694 basehttp 14081 140587969804032 "GET / HTTP/1.1" 302 0
INFO 2018-07-20 17:59:09,850 basehttp 14081 140587969804032 "GET /World HTTP/1.1" 200 4223
INFO 2018-07-20 17:59:17,011 basehttp 14081 140587969804032 "GET /review HTTP/1.1" 302 0
INFO 2018-07-20 17:59:17,105 basehttp 14081 140587969804032 "GET /login?next=/review HTTP/1.1" 200 2503
INFO 2018-07-20 17:59:19,092 basehttp 14081 140587969804032 "GET / HTTP/1.1" 302 0
INFO 2018-07-20 17:59:19,268 basehttp 14081 140587969804032 "GET /World HTTP/1.1" 200 4223
INFO 2018-07-20 17:59:21,126 basehttp 14081 140587969804032 "GET /add_category HTTP/1.1" 302 0
INFO 2018-07-20 17:59:21,254 basehttp 14081 140587969804032 "GET /login?next=/add_category HTTP/1.1" 200 2503
INFO 2018-07-20 17:59:23,158 basehttp 14081 140587969804032 "GET / HTTP/1.1" 302 0
INFO 2018-07-20 17:59:23,375 basehttp 14081 140587969804032 "GET /World HTTP/1.1" 200 4223
INFO 2018-07-20 17:59:38,818 basehttp 18801 140390361102080 "GET / HTTP/1.1" 302 0
INFO 2018-07-20 17:59:38,962 basehttp 18801 140390361102080 "GET /World HTTP/1.1" 200 4223
INFO 2018-07-20 17:59:40,772 basehttp 18801 140390361102080 "GET / HTTP/1.1" 302 0
INFO 2018-07-20 17:59:40,879 basehttp 18801 140390361102080 "GET /World HTTP/1.1" 200 4223
INFO 2018-07-20 17:59:44,488 basehttp 18801 140390361102080 "GET /add_category HTTP/1.1" 302 0
INFO 2018-07-20 17:59:44,534 basehttp 18801 140390361102080 "GET /login?next=/add_category HTTP/1.1" 200 2503
INFO 2018-07-20 17:59:47,481 basehttp 18801 140390361102080 "GET / HTTP/1.1" 302 0
INFO 2018-07-20 17:59:47,580 basehttp 18801 140390361102080 "GET /World HTTP/1.1" 200 4223
INFO 2018-07-20 17:59:49,156 basehttp 18801 140390361102080 "GET /review HTTP/1.1" 302 0
INFO 2018-07-20 17:59:49,235 basehttp 18801 140390361102080 "GET /login?next=/review HTTP/1.1" 200 2503
INFO 2018-07-20 17:59:52,682 basehttp 18801 140390361102080 "GET / HTTP/1.1" 302 0
INFO 2018-07-20 17:59:52,800 basehttp 18801 140390361102080 "GET /World HTTP/1.1" 200 4223
INFO 2018-07-20 17:59:58,766 basehttp 18801 140390361102080 "GET /review HTTP/1.1" 302 0
INFO 2018-07-20 17:59:58,844 basehttp 18801 140390361102080 "GET /login?next=/review HTTP/1.1" 200 2503
INFO 2018-07-20 18:00:05,045 basehttp 18801 140390361102080 "POST /login?next=/review HTTP/1.1" 302 0
INFO 2018-07-20 18:00:05,095 basehttp 18801 140390361102080 "GET / HTTP/1.1" 302 0
INFO 2018-07-20 18:00:05,168 basehttp 18801 140390361102080 "GET /World HTTP/1.1" 200 4223
INFO 2018-07-20 18:00:06,568 basehttp 18801 140390361102080 "GET /review HTTP/1.1" 302 0
INFO 2018-07-20 18:00:06,705 basehttp 18801 140390361102080 "GET /login?next=/review HTTP/1.1" 200 2503
INFO 2018-07-20 18:00:08,758 basehttp 18801 140390361102080 "GET / HTTP/1.1" 302 0
INFO 2018-07-20 18:00:08,872 basehttp 18801 140390361102080 "GET /World HTTP/1.1" 200 4223
INFO 2018-07-20 18:00:40,134 basehttp 21710 140061827651328 "GET / HTTP/1.1" 302 0
INFO 2018-07-20 18:00:40,256 basehttp 21710 140061827651328 "GET /World HTTP/1.1" 200 4223
INFO 2018-07-20 18:00:43,180 basehttp 21710 140061827651328 "GET /add_category HTTP/1.1" 302 0
INFO 2018-07-20 18:00:43,239 basehttp 21710 140061827651328 "GET /login?next=/add_category HTTP/1.1" 200 2503
INFO 2018-07-20 18:00:44,958 basehttp 21710 140061827651328 "GET / HTTP/1.1" 302 0
INFO 2018-07-20 18:00:45,070 basehttp 21710 140061827651328 "GET /World HTTP/1.1" 200 4223
INFO 2018-07-20 18:00:46,515 basehttp 21710 140061827651328 "GET /review HTTP/1.1" 302 0
INFO 2018-07-20 18:00:46,565 basehttp 21710 140061827651328 "GET /login?next=/review HTTP/1.1" 200 2503
INFO 2018-07-20 18:00:48,874 basehttp 21710 140061827651328 "GET / HTTP/1.1" 302 0
INFO 2018-07-20 18:00:48,956 basehttp 21710 140061827651328 "GET /World HTTP/1.1" 200 4223
WARNING 2018-07-20 18:01:26,251 base 21710 140061827651328 Not Found: /admin/auth/
WARNING 2018-07-20 18:01:26,252 basehttp 21710 140061827651328 "GET /admin/auth/ HTTP/1.1" 404 1755
WARNING 2018-07-20 18:01:31,486 exception 21710 140061827651328 Forbidden (Permission denied): /admin/auth/user/1/change/
WARNING 2018-07-20 18:01:31,487 basehttp 21710 140061827651328 "GET /admin/auth/user/1/change/ HTTP/1.1" 403 22
WARNING 2018-07-20 18:01:37,155 base 21710 140061814966016 Not Found: /robots.txt
WARNING 2018-07-20 18:01:37,157 basehttp 21710 140061814966016 "GET /robots.txt HTTP/1.1" 404 3207
INFO 2018-07-20 18:01:37,161 basehttp 21710 140061827651328 "GET /admin/ HTTP/1.1" 200 1973
INFO 2018-07-20 18:01:42,150 basehttp 21710 140061827651328 "GET /admin/ HTTP/1.1" 200 1973
INFO 2018-07-20 18:01:44,332 basehttp 21710 140061827651328 "GET /admin/logout/ HTTP/1.1" 200 1215
INFO 2018-07-20 18:01:47,151 basehttp 21710 140061827651328 "GET /admin/ HTTP/1.1" 302 0
INFO 2018-07-20 18:01:47,271 basehttp 21710 140061827651328 "GET /admin/login/?next=/admin/ HTTP/1.1" 200 1855
INFO 2018-07-20 18:01:53,698 basehttp 21710 140061827651328 "POST /admin/login/?next=/admin/ HTTP/1.1" 302 0
INFO 2018-07-20 18:01:53,806 basehttp 21710 140061827651328 "GET /admin/ HTTP/1.1" 200 4585
INFO 2018-07-20 18:01:56,394 basehttp 21710 140061827651328 "GET /admin/auth/group/ HTTP/1.1" 200 3584
INFO 2018-07-20 18:01:56,690 basehttp 21710 140061827651328 "GET /admin/jsi18n/ HTTP/1.1" 200 3185
INFO 2018-07-20 18:01:59,879 basehttp 21710 140061827651328 "GET /admin/ HTTP/1.1" 200 4585
INFO 2018-07-20 18:02:07,173 basehttp 21710 140061827651328 "GET /admin/auth/user/ HTTP/1.1" 200 8808
INFO 2018-07-20 18:02:07,361 basehttp 21710 140061827651328 "GET /admin/jsi18n/ HTTP/1.1" 200 3185
INFO 2018-07-20 18:02:09,468 basehttp 21710 140061827651328 "GET /admin/auth/user/6/change/ HTTP/1.1" 200 15658
INFO 2018-07-20 18:02:09,641 basehttp 21710 140061827651328 "GET /admin/jsi18n/ HTTP/1.1" 200 3185
INFO 2018-07-20 18:02:13,679 basehttp 21710 140061827651328 "GET /admin/auth/user/ HTTP/1.1" 200 8808
INFO 2018-07-20 18:02:16,160 basehttp 21710 140061827651328 "GET /admin/auth/user/1/change/ HTTP/1.1" 200 15679
INFO 2018-07-20 18:02:16,284 basehttp 21710 140061827651328 "GET /admin/jsi18n/ HTTP/1.1" 200 3185
INFO 2018-07-20 18:03:31,976 basehttp 21710 140061827651328 "GET /review HTTP/1.1" 200 3270
INFO 2018-07-20 18:03:38,542 basehttp 21710 140061827651328 "GET /logout HTTP/1.1" 302 0
INFO 2018-07-20 18:03:38,667 basehttp 21710 140061827651328 "GET / HTTP/1.1" 302 0
INFO 2018-07-20 18:03:38,769 basehttp 21710 140061827651328 "GET /World HTTP/1.1" 200 4145
INFO 2018-07-20 18:04:42,702 basehttp 2325 139760969402112 "GET /login HTTP/1.1" 200 2503
INFO 2018-07-20 18:04:52,191 basehttp 2325 139760969402112 "POST /login HTTP/1.1" 302 0
INFO 2018-07-20 18:04:52,234 basehttp 2325 139760969402112 "GET / HTTP/1.1" 302 0
INFO 2018-07-20 18:04:52,299 basehttp 2325 139760969402112 "GET /World HTTP/1.1" 200 4223
INFO 2018-07-20 18:04:56,463 basehttp 2325 139760969402112 "GET /add_category HTTP/1.1" 302 0
INFO 2018-07-20 18:04:56,527 basehttp 2325 139760969402112 "GET /login?next=/add_category HTTP/1.1" 200 2503
INFO 2018-07-20 18:04:58,175 basehttp 2325 139760969402112 "GET / HTTP/1.1" 302 0
INFO 2018-07-20 18:04:58,295 basehttp 2325 139760969402112 "GET /World HTTP/1.1" 200 4223
INFO 2018-07-20 18:05:00,125 basehttp 2325 139760969402112 "GET /review HTTP/1.1" 302 0
INFO 2018-07-20 18:05:00,211 basehttp 2325 139760969402112 "GET /login?next=/review HTTP/1.1" 200 2503
WARNING 2018-07-20 18:07:09,791 base 2325 139760969402112 Not Found: /admin/auth/
WARNING 2018-07-20 18:07:09,798 basehttp 2325 139760969402112 "GET /admin/auth/ HTTP/1.1" 404 1755
INFO 2018-07-20 18:07:13,135 basehttp 2325 139760969402112 "GET /admin/ HTTP/1.1" 200 1973
INFO 2018-07-20 18:07:16,846 basehttp 2325 139760969402112 "GET /admin/logout/ HTTP/1.1" 200 1215
INFO 2018-07-20 18:07:18,795 basehttp 2325 139760969402112 "GET /admin/ HTTP/1.1" 302 0
INFO 2018-07-20 18:07:18,852 basehttp 2325 139760969402112 "GET /admin/login/?next=/admin/ HTTP/1.1" 200 1855
INFO 2018-07-20 18:07:27,780 basehttp 2325 139760969402112 "POST /admin/login/?next=/admin/ HTTP/1.1" 302 0
INFO 2018-07-20 18:07:27,868 basehttp 2325 139760969402112 "GET /admin/ HTTP/1.1" 200 4585
INFO 2018-07-20 18:07:35,266 basehttp 2325 139760969402112 "GET /admin/auth/ HTTP/1.1" 200 2910
INFO 2018-07-20 18:07:36,789 basehttp 2325 139760969402112 "GET /admin/ HTTP/1.1" 200 4585
INFO 2018-07-20 18:07:44,231 basehttp 2325 139760969402112 "GET / HTTP/1.1" 302 0
INFO 2018-07-20 18:07:44,315 basehttp 2325 139760969402112 "GET /World HTTP/1.1" 200 4223
INFO 2018-07-20 18:07:45,809 basehttp 2325 139760969402112 "GET /add_category HTTP/1.1" 200 3087
WARNING 2018-07-20 18:07:45,879 base 2325 139760969402112 Not Found: /robots.txt
WARNING 2018-07-20 18:07:45,881 basehttp 2325 139760969402112 "GET /robots.txt HTTP/1.1" 404 3207
INFO 2018-07-20 18:07:51,065 basehttp 2325 139760969402112 "GET /review HTTP/1.1" 200 3270
INFO 2018-07-20 18:08:01,368 basehttp 2325 139760969402112 "GET / HTTP/1.1" 302 0
INFO 2018-07-20 18:08:01,469 basehttp 2325 139760969402112 "GET /World HTTP/1.1" 200 4223
INFO 2018-07-20 18:08:02,983 basehttp 2325 139760969402112 "GET /review HTTP/1.1" 200 3270
INFO 2018-07-20 18:08:06,761 basehttp 2325 139760969402112 "GET / HTTP/1.1" 302 0
INFO 2018-07-20 18:08:06,869 basehttp 2325 139760969402112 "GET /World HTTP/1.1" 200 4223
INFO 2018-07-20 18:10:38,464 basehttp 19722 140408346969856 "GET /World HTTP/1.1" 200 4223
INFO 2018-07-20 18:10:40,931 basehttp 19722 140408346969856 "GET /logout HTTP/1.1" 302 0
INFO 2018-07-20 18:10:41,015 basehttp 19722 140408346969856 "GET / HTTP/1.1" 302 0
INFO 2018-07-20 18:10:41,099 basehttp 19722 140408346969856 "GET /World HTTP/1.1" 200 4145
INFO 2018-07-20 18:10:43,057 basehttp 19722 140408346969856 "GET /login HTTP/1.1" 200 2503
INFO 2018-07-20 18:10:48,337 basehttp 19722 140408346969856 "POST /login HTTP/1.1" 302 0
INFO 2018-07-20 18:10:48,376 basehttp 19722 140408346969856 "GET / HTTP/1.1" 302 0
INFO 2018-07-20 18:10:48,483 basehttp 19722 140408346969856 "GET /World HTTP/1.1" 200 4223
INFO 2018-07-20 18:10:50,918 basehttp 19722 140408346969856 "GET /review HTTP/1.1" 302 0
INFO 2018-07-20 18:10:50,957 basehttp 19722 140408346969856 "GET /login?next=/review HTTP/1.1" 200 2503
INFO 2018-07-20 18:13:39,264 basehttp 19722 140408346969856 "GET / HTTP/1.1" 302 0
INFO 2018-07-20 18:13:42,469 basehttp 29010 140422593750784 "GET /World HTTP/1.1" 200 4223
INFO 2018-07-20 18:13:45,574 basehttp 29010 140422593750784 "GET /review HTTP/1.1" 302 0
INFO 2018-07-20 18:13:45,680 basehttp 29010 140422593750784 "GET /login?next=/review HTTP/1.1" 200 2503
INFO 2018-07-20 18:13:50,301 basehttp 29010 140422593750784 "GET / HTTP/1.1" 302 0
INFO 2018-07-20 18:13:50,429 basehttp 29010 140422593750784 "GET /World HTTP/1.1" 200 4223
INFO 2018-07-20 18:13:51,781 basehttp 29010 140422593750784 "GET /add_category HTTP/1.1" 302 0
INFO 2018-07-20 18:13:51,855 basehttp 29010 140422593750784 "GET /login?next=/add_category HTTP/1.1" 200 2503
INFO 2018-07-20 18:14:44,963 basehttp 32043 139880388110080 "GET / HTTP/1.1" 302 0
INFO 2018-07-20 18:14:45,116 basehttp 32043 139880388110080 "GET /World HTTP/1.1" 200 4223
INFO 2018-07-20 18:14:46,984 basehttp 32043 139880388110080 "GET /add_category HTTP/1.1" 302 0
INFO 2018-07-20 18:14:47,061 basehttp 32043 139880388110080 "GET /login?next=/add_category HTTP/1.1" 200 2503
INFO 2018-07-20 18:15:54,356 basehttp 32043 139880388110080 "GET / HTTP/1.1" 302 0
INFO 2018-07-20 18:15:54,461 basehttp 32043 139880388110080 "GET /World HTTP/1.1" 200 4223
INFO 2018-07-20 18:16:04,386 basehttp 3529 140690735990528 "GET / HTTP/1.1" 302 0
INFO 2018-07-20 18:16:04,539 basehttp 3529 140690735990528 "GET /World HTTP/1.1" 200 4223
WARNING 2018-07-20 18:16:44,860 exception 3529 140690735990528 Forbidden (Permission denied): /admin/auth/user/
WARNING 2018-07-20 18:16:44,861 basehttp 3529 140690735990528 "GET /admin/auth/user/ HTTP/1.1" 403 22
INFO 2018-07-20 18:16:51,679 basehttp 3529 140690735990528 "GET /admin/ HTTP/1.1" 200 1973
INFO 2018-07-20 18:17:49,223 basehttp 8793 139639597037312 "GET / HTTP/1.1" 302 0
INFO 2018-07-20 18:17:49,421 basehttp 8793 139639597037312 "GET /World HTTP/1.1" 200 4223
INFO 2018-07-20 18:17:51,387 basehttp 8793 139639597037312 "GET / HTTP/1.1" 302 0
INFO 2018-07-20 18:17:51,519 basehttp 8793 139639597037312 "GET /World HTTP/1.1" 200 4223
INFO 2018-07-20 18:18:28,011 basehttp 8793 139639597037312 "GET / HTTP/1.1" 302 0
WARNING 2018-07-20 18:18:28,055 base 8793 139639597037312 Not Found: /robots.txt
WARNING 2018-07-20 18:18:28,057 basehttp 8793 139639597037312 "GET /robots.txt HTTP/1.1" 404 3207
INFO 2018-07-20 18:18:28,140 basehttp 8793 139639597037312 "GET /World HTTP/1.1" 200 4223
INFO 2018-07-20 18:18:32,501 basehttp 10789 140118740252416 "GET / HTTP/1.1" 302 0
INFO 2018-07-20 18:18:32,623 basehttp 10789 140118740252416 "GET /World HTTP/1.1" 200 4223
INFO 2018-07-20 18:18:35,737 basehttp 10789 140118740252416 "GET /review HTTP/1.1" 200 3270
INFO 2018-07-20 18:18:38,649 basehttp 10789 140118740252416 "GET /add_category HTTP/1.1" 302 0
INFO 2018-07-20 18:18:38,690 basehttp 10789 140118740252416 "GET /login?next=/add_category HTTP/1.1" 200 2503
INFO 2018-07-20 18:19:33,001 basehttp 10789 140118740252416 "GET / HTTP/1.1" 302 0
INFO 2018-07-20 18:19:36,324 basehttp 13689 140671721666304 "GET /World HTTP/1.1" 200 4223
INFO 2018-07-20 18:19:38,571 basehttp 13689 140671721666304 "GET /add_category HTTP/1.1" 200 3087
INFO 2018-07-20 18:19:41,326 basehttp 13689 140671721666304 "GET / HTTP/1.1" 302 0
INFO 2018-07-20 18:19:41,428 basehttp 13689 140671721666304 "GET /World HTTP/1.1" 200 4223
INFO 2018-07-20 18:19:43,090 basehttp 13689 140671721666304 "GET /review HTTP/1.1" 200 3270
INFO 2018-07-20 18:19:45,789 basehttp 13689 140671721666304 "GET / HTTP/1.1" 302 0
INFO 2018-07-20 18:19:45,898 basehttp 13689 140671721666304 "GET /World HTTP/1.1" 200 4223
ERROR 2018-07-20 18:19:56,604 exception 13689 140671721666304 Internal Server Error: /decline/13
Traceback (most recent call last):
  File "/home/eugen/src/Light-Academy.Python/where_article/env/lib/python3.6/site-packages/django/core/handlers/exception.py", line 35, in inner
    response = get_response(request)
  File "/home/eugen/src/Light-Academy.Python/where_article/env/lib/python3.6/site-packages/django/core/handlers/base.py", line 128, in _get_response
    response = self.process_exception_by_middleware(e, request)
  File "/home/eugen/src/Light-Academy.Python/where_article/env/lib/python3.6/site-packages/django/core/handlers/base.py", line 126, in _get_response
    response = wrapped_callback(request, *callback_args, **callback_kwargs)
  File "/home/eugen/src/Light-Academy.Python/where_article/env/lib/python3.6/site-packages/django/views/generic/base.py", line 69, in view
    return self.dispatch(request, *args, **kwargs)
  File "/home/eugen/src/Light-Academy.Python/where_article/env/lib/python3.6/site-packages/django/contrib/auth/mixins.py", line 52, in dispatch
    return super().dispatch(request, *args, **kwargs)
  File "/home/eugen/src/Light-Academy.Python/where_article/env/lib/python3.6/site-packages/django/contrib/auth/mixins.py", line 85, in dispatch
    return super().dispatch(request, *args, **kwargs)
  File "/home/eugen/src/Light-Academy.Python/where_article/env/lib/python3.6/site-packages/django/views/generic/base.py", line 89, in dispatch
    return handler(request, *args, **kwargs)
  File "/home/eugen/src/Light-Academy.Python/where_article/env/lib/python3.6/site-packages/django/views/generic/base.py", line 180, in get
    url = self.get_redirect_url(*args, **kwargs)
  File "/home/eugen/src/Light-Academy.Python/where_article/article_app/views.py", line 162, in get_redirect_url
    article = Article.objects.get(id=id)
  File "/home/eugen/src/Light-Academy.Python/where_article/env/lib/python3.6/site-packages/django/db/models/manager.py", line 82, in manager_method
    return getattr(self.get_queryset(), name)(*args, **kwargs)
  File "/home/eugen/src/Light-Academy.Python/where_article/env/lib/python3.6/site-packages/django/db/models/query.py", line 403, in get
    self.model._meta.object_name
article_app.models.DoesNotExist: Article matching query does not exist.
ERROR 2018-07-20 18:19:56,713 basehttp 13689 140671721666304 "GET /decline/13 HTTP/1.1" 500 106508
INFO 2018-07-20 18:20:07,443 basehttp 13689 140671721666304 "GET /decline/12 HTTP/1.1" 302 0
INFO 2018-07-20 18:20:07,513 basehttp 13689 140671721666304 "GET /review HTTP/1.1" 200 3270
INFO 2018-07-20 18:20:18,324 basehttp 13689 140671721666304 "GET / HTTP/1.1" 302 0
INFO 2018-07-20 18:20:18,432 basehttp 13689 140671721666304 "GET /World HTTP/1.1" 200 4209
INFO 2018-07-20 18:20:23,260 basehttp 13689 140671721666304 "GET /logout HTTP/1.1" 302 0
INFO 2018-07-20 18:20:23,367 basehttp 13689 140671721666304 "GET / HTTP/1.1" 302 0
INFO 2018-07-20 18:20:23,457 basehttp 13689 140671721666304 "GET /World HTTP/1.1" 200 4131
INFO 2018-07-20 18:20:25,942 basehttp 13689 140671721666304 "GET /login HTTP/1.1" 200 2503
INFO 2018-07-20 18:20:31,795 basehttp 13689 140671721666304 "POST /login HTTP/1.1" 302 0
INFO 2018-07-20 18:20:31,834 basehttp 13689 140671721666304 "GET / HTTP/1.1" 302 0
INFO 2018-07-20 18:20:31,910 basehttp 13689 140671721666304 "GET /World HTTP/1.1" 200 4138
INFO 2018-07-20 18:20:37,540 basehttp 13689 140671721666304 "GET /review HTTP/1.1" 302 0
INFO 2018-07-20 18:20:37,582 basehttp 13689 140671721666304 "GET /login?next=/review HTTP/1.1" 200 2503
INFO 2018-07-20 18:20:41,272 basehttp 13689 140671721666304 "GET / HTTP/1.1" 302 0
INFO 2018-07-20 18:20:41,394 basehttp 13689 140671721666304 "GET /World HTTP/1.1" 200 4138
INFO 2018-07-20 18:20:43,407 basehttp 13689 140671721666304 "GET /logout HTTP/1.1" 302 0
INFO 2018-07-20 18:20:43,444 basehttp 13689 140671721666304 "GET / HTTP/1.1" 302 0
INFO 2018-07-20 18:20:43,517 basehttp 13689 140671721666304 "GET /World HTTP/1.1" 200 4131
INFO 2018-07-20 18:20:45,487 basehttp 13689 140671721666304 "GET /login HTTP/1.1" 200 2503
INFO 2018-07-20 18:20:51,156 basehttp 13689 140671721666304 "POST /login HTTP/1.1" 302 0
INFO 2018-07-20 18:20:51,207 basehttp 13689 140671721666304 "GET / HTTP/1.1" 302 0
INFO 2018-07-20 18:20:51,300 basehttp 13689 140671721666304 "GET /World HTTP/1.1" 200 4209
INFO 2018-07-20 18:20:53,698 basehttp 13689 140671721666304 "GET /review HTTP/1.1" 200 3270
INFO 2018-07-20 18:20:55,796 basehttp 13689 140671721666304 "GET /add_category HTTP/1.1" 200 3087
INFO 2018-07-20 18:20:59,260 basehttp 13689 140671721666304 "GET / HTTP/1.1" 302 0
INFO 2018-07-20 18:20:59,390 basehttp 13689 140671721666304 "GET /World HTTP/1.1" 200 4209
ERROR 2018-07-20 22:07:06,338 exception 12975 140025954076416 Internal Server Error: /decline/1
Traceback (most recent call last):
  File "/home/eugen/src/Light-Academy.Python/where_article/env/lib/python3.6/site-packages/django/core/handlers/exception.py", line 35, in inner
    response = get_response(request)
  File "/home/eugen/src/Light-Academy.Python/where_article/env/lib/python3.6/site-packages/django/core/handlers/base.py", line 128, in _get_response
    response = self.process_exception_by_middleware(e, request)
  File "/home/eugen/src/Light-Academy.Python/where_article/env/lib/python3.6/site-packages/django/core/handlers/base.py", line 126, in _get_response
    response = wrapped_callback(request, *callback_args, **callback_kwargs)
  File "/home/eugen/src/Light-Academy.Python/where_article/env/lib/python3.6/site-packages/django/views/generic/base.py", line 69, in view
    return self.dispatch(request, *args, **kwargs)
  File "/home/eugen/src/Light-Academy.Python/where_article/env/lib/python3.6/site-packages/django/contrib/auth/mixins.py", line 52, in dispatch
    return super().dispatch(request, *args, **kwargs)
  File "/home/eugen/src/Light-Academy.Python/where_article/env/lib/python3.6/site-packages/django/contrib/auth/mixins.py", line 85, in dispatch
    return super().dispatch(request, *args, **kwargs)
  File "/home/eugen/src/Light-Academy.Python/where_article/env/lib/python3.6/site-packages/django/views/generic/base.py", line 89, in dispatch
    return handler(request, *args, **kwargs)
  File "/home/eugen/src/Light-Academy.Python/where_article/env/lib/python3.6/site-packages/django/views/generic/base.py", line 180, in get
    url = self.get_redirect_url(*args, **kwargs)
  File "/home/eugen/src/Light-Academy.Python/where_article/article_app/views.py", line 162, in get_redirect_url
    article = Article.objects.get(id=id)
  File "/home/eugen/src/Light-Academy.Python/where_article/env/lib/python3.6/site-packages/django/db/models/manager.py", line 82, in manager_method
    return getattr(self.get_queryset(), name)(*args, **kwargs)
  File "/home/eugen/src/Light-Academy.Python/where_article/env/lib/python3.6/site-packages/django/db/models/query.py", line 403, in get
    self.model._meta.object_name
article_app.models.DoesNotExist: Article matching query does not exist.
ERROR 2018-07-20 22:07:06,431 basehttp 12975 140025954076416 "GET /decline/1 HTTP/1.1" 500 106448
ERROR 2018-07-20 22:07:10,843 exception 12975 140025954076416 Internal Server Error: /decline
Traceback (most recent call last):
  File "/home/eugen/src/Light-Academy.Python/where_article/env/lib/python3.6/site-packages/django/core/handlers/exception.py", line 35, in inner
    response = get_response(request)
  File "/home/eugen/src/Light-Academy.Python/where_article/env/lib/python3.6/site-packages/django/core/handlers/base.py", line 128, in _get_response
    response = self.process_exception_by_middleware(e, request)
  File "/home/eugen/src/Light-Academy.Python/where_article/env/lib/python3.6/site-packages/django/core/handlers/base.py", line 126, in _get_response
    response = wrapped_callback(request, *callback_args, **callback_kwargs)
  File "/home/eugen/src/Light-Academy.Python/where_article/env/lib/python3.6/site-packages/django/views/generic/base.py", line 69, in view
    return self.dispatch(request, *args, **kwargs)
  File "/home/eugen/src/Light-Academy.Python/where_article/env/lib/python3.6/site-packages/django/views/generic/base.py", line 89, in dispatch
    return handler(request, *args, **kwargs)
  File "/home/eugen/src/Light-Academy.Python/where_article/env/lib/python3.6/site-packages/django/views/generic/list.py", line 157, in get
    context = self.get_context_data()
  File "/home/eugen/src/Light-Academy.Python/where_article/article_app/views.py", line 24, in get_context_data
    category_selected = Category.objects.get(name=self.kwargs['category'])
  File "/home/eugen/src/Light-Academy.Python/where_article/env/lib/python3.6/site-packages/django/db/models/manager.py", line 82, in manager_method
    return getattr(self.get_queryset(), name)(*args, **kwargs)
  File "/home/eugen/src/Light-Academy.Python/where_article/env/lib/python3.6/site-packages/django/db/models/query.py", line 403, in get
    self.model._meta.object_name
article_app.models.DoesNotExist: Category matching query does not exist.
WARNING 2018-07-20 22:07:10,909 base 12975 140025941653248 Not Found: /robots.txt
WARNING 2018-07-20 22:07:10,910 basehttp 12975 140025941653248 "GET /robots.txt HTTP/1.1" 404 3238
ERROR 2018-07-20 22:07:10,954 basehttp 12975 140025954076416 "GET /decline HTTP/1.1" 500 99138
ERROR 2018-07-20 22:07:15,696 exception 12975 140025954076416 Internal Server Error: /decline/13
Traceback (most recent call last):
  File "/home/eugen/src/Light-Academy.Python/where_article/env/lib/python3.6/site-packages/django/core/handlers/exception.py", line 35, in inner
    response = get_response(request)
  File "/home/eugen/src/Light-Academy.Python/where_article/env/lib/python3.6/site-packages/django/core/handlers/base.py", line 128, in _get_response
    response = self.process_exception_by_middleware(e, request)
  File "/home/eugen/src/Light-Academy.Python/where_article/env/lib/python3.6/site-packages/django/core/handlers/base.py", line 126, in _get_response
    response = wrapped_callback(request, *callback_args, **callback_kwargs)
  File "/home/eugen/src/Light-Academy.Python/where_article/env/lib/python3.6/site-packages/django/views/generic/base.py", line 69, in view
    return self.dispatch(request, *args, **kwargs)
  File "/home/eugen/src/Light-Academy.Python/where_article/env/lib/python3.6/site-packages/django/contrib/auth/mixins.py", line 52, in dispatch
    return super().dispatch(request, *args, **kwargs)
  File "/home/eugen/src/Light-Academy.Python/where_article/env/lib/python3.6/site-packages/django/contrib/auth/mixins.py", line 85, in dispatch
    return super().dispatch(request, *args, **kwargs)
  File "/home/eugen/src/Light-Academy.Python/where_article/env/lib/python3.6/site-packages/django/views/generic/base.py", line 89, in dispatch
    return handler(request, *args, **kwargs)
  File "/home/eugen/src/Light-Academy.Python/where_article/env/lib/python3.6/site-packages/django/views/generic/base.py", line 180, in get
    url = self.get_redirect_url(*args, **kwargs)
  File "/home/eugen/src/Light-Academy.Python/where_article/article_app/views.py", line 162, in get_redirect_url
    article = Article.objects.get(id=id)
  File "/home/eugen/src/Light-Academy.Python/where_article/env/lib/python3.6/site-packages/django/db/models/manager.py", line 82, in manager_method
    return getattr(self.get_queryset(), name)(*args, **kwargs)
  File "/home/eugen/src/Light-Academy.Python/where_article/env/lib/python3.6/site-packages/django/db/models/query.py", line 403, in get
    self.model._meta.object_name
article_app.models.DoesNotExist: Article matching query does not exist.
ERROR 2018-07-20 22:07:15,783 basehttp 12975 140025954076416 "GET /decline/13 HTTP/1.1" 500 106476
INFO 2018-07-20 22:07:21,418 basehttp 12975 140025954076416 "GET /decline/14 HTTP/1.1" 302 0
INFO 2018-07-20 22:07:21,483 basehttp 12975 140025954076416 "GET /review HTTP/1.1" 200 2962
INFO 2018-07-20 22:23:41,567 basehttp 12975 140025954076416 "GET / HTTP/1.1" 302 0
INFO 2018-07-20 22:23:41,665 basehttp 12975 140025954076416 "GET /World HTTP/1.1" 200 4195
INFO 2018-07-20 22:28:15,750 basehttp 24882 140069134513920 "GET /admin/ HTTP/1.1" 302 0
INFO 2018-07-20 22:28:15,834 basehttp 24882 140069134513920 "GET /admin/login/?next=/admin/ HTTP/1.1" 200 1855
INFO 2018-07-20 22:28:15,876 basehttp 24882 140069134513920 "GET /static/admin/css/base.css HTTP/1.1" 304 0
INFO 2018-07-20 22:28:15,880 basehttp 24882 140069122090752 "GET /static/admin/css/login.css HTTP/1.1" 304 0
INFO 2018-07-20 22:28:15,881 basehttp 24882 140069134513920 "GET /static/admin/css/responsive.css HTTP/1.1" 304 0
INFO 2018-07-20 22:28:16,132 basehttp 24882 140069134513920 "GET /static/admin/css/fonts.css HTTP/1.1" 304 0
INFO 2018-07-20 22:28:16,235 basehttp 24882 140069134513920 "GET /static/admin/fonts/Roboto-Regular-webfont.woff HTTP/1.1" 304 0
INFO 2018-07-20 22:28:16,258 basehttp 24882 140069134513920 "GET /static/admin/fonts/Roboto-Light-webfont.woff HTTP/1.1" 304 0
INFO 2018-07-20 22:28:27,951 basehttp 24882 140069134513920 "POST /admin/login/?next=/admin/ HTTP/1.1" 200 2016
INFO 2018-07-20 22:28:28,654 basehttp 24882 140069134513920 "GET /static/admin/fonts/Roboto-Bold-webfont.woff HTTP/1.1" 304 0
INFO 2018-07-20 22:29:37,118 basehttp 28611 139625425196800 "GET /admin/login/?next=/admin/ HTTP/1.1" 200 1855
INFO 2018-07-20 22:29:43,206 basehttp 28611 139625425196800 "POST /admin/login/?next=/admin/ HTTP/1.1" 200 2016
INFO 2018-07-20 22:29:52,472 basehttp 28611 139625425196800 "POST /admin/login/?next=/admin/ HTTP/1.1" 302 0
INFO 2018-07-20 22:29:52,538 basehttp 28611 139625425196800 "GET /admin/ HTTP/1.1" 200 4585
INFO 2018-07-20 22:29:52,604 basehttp 28611 139625425196800 "GET /static/admin/css/dashboard.css HTTP/1.1" 304 0
INFO 2018-07-20 22:29:52,766 basehttp 28611 139625425196800 "GET /static/admin/img/icon-changelink.svg HTTP/1.1" 304 0
INFO 2018-07-20 22:29:52,769 basehttp 28611 139625425196800 "GET /static/admin/img/icon-addlink.svg HTTP/1.1" 304 0
INFO 2018-07-20 22:29:55,613 basehttp 28611 139625425196800 "GET /admin/auth/user/ HTTP/1.1" 200 7514
INFO 2018-07-20 22:29:55,747 basehttp 28611 139625412249344 "GET /static/admin/css/changelists.css HTTP/1.1" 304 0
INFO 2018-07-20 22:29:55,750 basehttp 28611 139625395463936 "GET /static/admin/js/jquery.init.js HTTP/1.1" 304 0
INFO 2018-07-20 22:29:55,755 basehttp 28611 139625387071232 "GET /static/admin/js/core.js HTTP/1.1" 304 0
INFO 2018-07-20 22:29:55,758 basehttp 28611 139625378678528 "GET /static/admin/js/admin/RelatedObjectLookups.js HTTP/1.1" 304 0
INFO 2018-07-20 22:29:55,759 basehttp 28611 139625403856640 "GET /static/admin/js/vendor/jquery/jquery.js HTTP/1.1" 304 0
INFO 2018-07-20 22:29:55,764 basehttp 28611 139625412249344 "GET /static/admin/js/actions.js HTTP/1.1" 304 0
INFO 2018-07-20 22:29:55,771 basehttp 28611 139625395463936 "GET /static/admin/js/urlify.js HTTP/1.1" 304 0
INFO 2018-07-20 22:29:55,772 basehttp 28611 139625425196800 "GET /admin/jsi18n/ HTTP/1.1" 200 3185
INFO 2018-07-20 22:29:55,776 basehttp 28611 139625403856640 "GET /static/admin/js/vendor/xregexp/xregexp.js HTTP/1.1" 304 0
INFO 2018-07-20 22:29:55,777 basehttp 28611 139625378678528 "GET /static/admin/js/prepopulate.js HTTP/1.1" 304 0
INFO 2018-07-20 22:29:55,861 basehttp 28611 139625378678528 "GET /static/admin/img/search.svg HTTP/1.1" 304 0
INFO 2018-07-20 22:29:55,908 basehttp 28611 139625378678528 "GET /static/admin/img/icon-yes.svg HTTP/1.1" 304 0
INFO 2018-07-20 22:29:55,941 basehttp 28611 139625378678528 "GET /static/admin/img/icon-no.svg HTTP/1.1" 304 0
INFO 2018-07-20 22:29:56,049 basehttp 28611 139625378678528 "GET /static/admin/img/sorting-icons.svg HTTP/1.1" 304 0
INFO 2018-07-20 22:29:56,076 basehttp 28611 139625378678528 "GET /static/admin/img/tooltag-add.svg HTTP/1.1" 304 0
INFO 2018-07-20 22:30:05,615 basehttp 28611 139625378678528 "GET / HTTP/1.1" 302 0
INFO 2018-07-20 22:30:05,702 basehttp 28611 139625378678528 "GET /World HTTP/1.1" 200 3798
INFO 2018-07-20 22:30:08,942 basehttp 28611 139625378678528 "GET /Design HTTP/1.1" 200 3949
INFO 2018-07-20 22:30:12,066 basehttp 28611 139625378678528 "GET /logout HTTP/1.1" 302 0
INFO 2018-07-20 22:30:12,104 basehttp 28611 139625378678528 "GET / HTTP/1.1" 302 0
INFO 2018-07-20 22:30:12,182 basehttp 28611 139625378678528 "GET /World HTTP/1.1" 200 3720
INFO 2018-07-20 22:30:13,508 basehttp 28611 139625378678528 "GET /Design HTTP/1.1" 200 3871
INFO 2018-07-20 22:30:14,362 basehttp 28611 139625378678528 "GET /Technology HTTP/1.1" 200 3335
INFO 2018-07-20 22:30:15,329 basehttp 28611 139625378678528 "GET /Love HTTP/1.1" 200 3092
INFO 2018-07-20 22:30:16,356 basehttp 28611 139625378678528 "GET /Culture HTTP/1.1" 200 2614
INFO 2018-07-20 22:30:18,439 basehttp 28611 139625378678528 "GET /Love HTTP/1.1" 200 3092
INFO 2018-07-20 22:30:19,389 basehttp 28611 139625378678528 "GET /Technology HTTP/1.1" 200 3335
INFO 2018-07-20 22:30:20,211 basehttp 28611 139625378678528 "GET /Design HTTP/1.1" 200 3871
WARNING 2018-07-20 22:30:20,258 base 28611 139625378678528 Not Found: /robots.txt
WARNING 2018-07-20 22:30:20,259 basehttp 28611 139625378678528 "GET /robots.txt HTTP/1.1" 404 3238
INFO 2018-07-20 22:30:21,069 basehttp 28611 139625378678528 "GET /World HTTP/1.1" 200 3720
INFO 2018-07-20 22:30:25,014 basehttp 28611 139625378678528 "GET /signup HTTP/1.1" 200 2961
INFO 2018-07-20 22:30:48,187 basehttp 28611 139625378678528 "POST /signup HTTP/1.1" 302 0
INFO 2018-07-20 22:30:48,229 basehttp 28611 139625378678528 "GET / HTTP/1.1" 302 0
INFO 2018-07-20 22:30:48,299 basehttp 28611 139625378678528 "GET /World HTTP/1.1" 200 3720
INFO 2018-07-20 22:31:22,664 basehttp 28611 139625378678528 "GET /login HTTP/1.1" 200 2503
INFO 2018-07-20 22:31:33,630 basehttp 28611 139625378678528 "POST /login HTTP/1.1" 302 0
INFO 2018-07-20 22:31:33,680 basehttp 28611 139625378678528 "GET / HTTP/1.1" 302 0
INFO 2018-07-20 22:31:33,787 basehttp 28611 139625378678528 "GET /World HTTP/1.1" 200 3727
INFO 2018-07-20 22:31:41,705 basehttp 28611 139625378678528 "GET /Design HTTP/1.1" 200 3878
INFO 2018-07-20 22:31:42,966 basehttp 28611 139625378678528 "GET /Technology HTTP/1.1" 200 3342
INFO 2018-07-20 22:31:44,521 basehttp 28611 139625378678528 "GET /Culture HTTP/1.1" 200 2621
INFO 2018-07-20 22:31:53,211 basehttp 28611 139625378678528 "GET /add_article HTTP/1.1" 200 3296
INFO 2018-07-20 22:32:17,581 basehttp 28611 139625378678528 "POST /add_article HTTP/1.1" 302 0
INFO 2018-07-20 22:32:17,627 basehttp 28611 139625378678528 "GET / HTTP/1.1" 302 0
INFO 2018-07-20 22:32:17,723 basehttp 28611 139625378678528 "GET /World HTTP/1.1" 200 3741
INFO 2018-07-20 22:32:21,043 basehttp 28611 139625378678528 "GET /logout HTTP/1.1" 302 0
INFO 2018-07-20 22:32:21,143 basehttp 28611 139625378678528 "GET / HTTP/1.1" 302 0
INFO 2018-07-20 22:32:21,221 basehttp 28611 139625378678528 "GET /World HTTP/1.1" 200 3734
INFO 2018-07-20 22:32:23,820 basehttp 28611 139625378678528 "GET /login HTTP/1.1" 200 2503
INFO 2018-07-20 22:32:41,988 basehttp 28611 139625378678528 "POST /login HTTP/1.1" 302 0
INFO 2018-07-20 22:32:42,027 basehttp 28611 139625378678528 "GET / HTTP/1.1" 302 0
INFO 2018-07-20 22:32:42,115 basehttp 28611 139625378678528 "GET /World HTTP/1.1" 200 3812
INFO 2018-07-20 22:32:44,611 basehttp 28611 139625378678528 "GET /World HTTP/1.1" 200 3812
INFO 2018-07-20 22:32:46,201 basehttp 28611 139625378678528 "GET /Design HTTP/1.1" 200 3963
INFO 2018-07-20 22:32:47,316 basehttp 28611 139625378678528 "GET /Technology HTTP/1.1" 200 3427
INFO 2018-07-20 22:32:49,645 basehttp 28611 139625378678528 "GET /Love HTTP/1.1" 200 3184
INFO 2018-07-20 22:32:50,801 basehttp 28611 139625378678528 "GET /Culture HTTP/1.1" 200 2706
INFO 2018-07-20 22:32:54,482 basehttp 28611 139625378678528 "GET /add_category HTTP/1.1" 200 2925
INFO 2018-07-20 22:33:02,622 basehttp 28611 139625378678528 "POST /add_category HTTP/1.1" 302 0
INFO 2018-07-20 22:33:02,686 basehttp 28611 139625378678528 "GET / HTTP/1.1" 302 0
INFO 2018-07-20 22:33:02,801 basehttp 28611 139625378678528 "GET /World HTTP/1.1" 200 3884
INFO 2018-07-20 22:33:05,803 basehttp 28611 139625378678528 "GET /New HTTP/1.1" 200 2773
INFO 2018-07-20 22:33:08,973 basehttp 28611 139625378678528 "GET /review HTTP/1.1" 200 3426
INFO 2018-07-20 22:33:12,098 basehttp 28611 139625378678528 "POST /review HTTP/1.1" 302 0
INFO 2018-07-20 22:33:12,168 basehttp 28611 139625378678528 "GET /review HTTP/1.1" 200 3676
INFO 2018-07-20 22:33:14,224 basehttp 28611 139625378678528 "GET /decline/8 HTTP/1.1" 302 0
INFO 2018-07-20 22:33:14,340 basehttp 28611 139625378678528 "GET /review HTTP/1.1" 200 3201
INFO 2018-07-20 22:33:16,671 basehttp 28611 139625378678528 "POST /review HTTP/1.1" 302 0
INFO 2018-07-20 22:33:16,756 basehttp 28611 139625378678528 "GET /review HTTP/1.1" 200 2872
WARNING 2018-07-20 22:33:17,062 base 28611 139625378678528 Not Found: /robots.txt
WARNING 2018-07-20 22:33:17,063 basehttp 28611 139625378678528 "GET /robots.txt HTTP/1.1" 404 3238
INFO 2018-07-20 22:33:20,560 basehttp 28611 139625378678528 "GET /World HTTP/1.1" 200 3870
INFO 2018-07-20 22:33:21,989 basehttp 28611 139625378678528 "GET /Design HTTP/1.1" 200 4021
INFO 2018-07-20 22:33:29,581 basehttp 28611 139625378678528 "GET /Technology HTTP/1.1" 200 3485
INFO 2018-07-20 22:33:35,872 basehttp 28611 139625378678528 "GET /Love HTTP/1.1" 200 3719
INFO 2018-07-20 22:33:42,162 basehttp 28611 139625378678528 "GET /Culture HTTP/1.1" 200 3016
INFO 2018-07-20 22:33:44,541 basehttp 28611 139625378678528 "GET /New HTTP/1.1" 200 2759
INFO 2018-07-20 22:33:54,664 basehttp 28611 139625378678528 "GET /add_article HTTP/1.1" 200 3412
INFO 2018-07-20 22:34:02,932 basehttp 28611 139625378678528 "POST /add_article HTTP/1.1" 302 0
INFO 2018-07-20 22:34:02,987 basehttp 28611 139625378678528 "GET / HTTP/1.1" 302 0
INFO 2018-07-20 22:34:03,111 basehttp 28611 139625378678528 "GET /World HTTP/1.1" 200 3884
INFO 2018-07-20 22:34:05,002 basehttp 28611 139625378678528 "GET /review HTTP/1.1" 200 3182
INFO 2018-07-20 22:34:07,596 basehttp 28611 139625378678528 "GET /decline/10 HTTP/1.1" 302 0
INFO 2018-07-20 22:34:07,663 basehttp 28611 139625378678528 "GET /review HTTP/1.1" 200 2872
INFO 2018-07-20 22:34:10,833 basehttp 28611 139625378678528 "GET / HTTP/1.1" 302 0
INFO 2018-07-20 22:34:10,984 basehttp 28611 139625378678528 "GET /World HTTP/1.1" 200 3870
INFO 2018-07-20 22:34:13,073 basehttp 28611 139625378678528 "GET /World HTTP/1.1" 200 3870
INFO 2018-07-20 22:34:15,272 basehttp 28611 139625378678528 "GET /Design HTTP/1.1" 200 4021
INFO 2018-07-20 22:34:17,934 basehttp 28611 139625378678528 "GET /Technology HTTP/1.1" 200 3485
INFO 2018-07-20 22:34:20,084 basehttp 28611 139625378678528 "GET /Love HTTP/1.1" 200 3719
INFO 2018-07-20 22:34:21,565 basehttp 28611 139625378678528 "GET /Culture HTTP/1.1" 200 3016
INFO 2018-07-20 22:34:23,348 basehttp 28611 139625378678528 "GET /New HTTP/1.1" 200 2759
INFO 2018-07-20 22:34:25,127 basehttp 28611 139625378678528 "GET /World HTTP/1.1" 200 3870
INFO 2018-07-20 22:35:15,588 basehttp 28611 139625378678528 "GET /add_article HTTP/1.1" 200 3412
INFO 2018-07-20 22:35:22,209 basehttp 28611 139625378678528 "POST /add_article HTTP/1.1" 302 0
INFO 2018-07-20 22:35:22,251 basehttp 28611 139625378678528 "GET / HTTP/1.1" 302 0
INFO 2018-07-20 22:35:22,324 basehttp 28611 139625378678528 "GET /World HTTP/1.1" 200 3884
INFO 2018-07-20 22:35:35,858 basehttp 28611 139625378678528 "GET /add_article HTTP/1.1" 200 3412
INFO 2018-07-20 22:35:42,425 basehttp 28611 139625378678528 "POST /add_article HTTP/1.1" 302 0
INFO 2018-07-20 22:35:42,461 basehttp 28611 139625378678528 "GET / HTTP/1.1" 302 0
INFO 2018-07-20 22:35:42,535 basehttp 28611 139625378678528 "GET /World HTTP/1.1" 200 3898
INFO 2018-07-20 22:35:47,337 basehttp 28611 139625378678528 "GET /add_article HTTP/1.1" 200 3412
INFO 2018-07-20 22:35:56,980 basehttp 28611 139625378678528 "POST /add_article HTTP/1.1" 302 0
INFO 2018-07-20 22:35:57,034 basehttp 28611 139625378678528 "GET / HTTP/1.1" 302 0
INFO 2018-07-20 22:35:57,131 basehttp 28611 139625378678528 "GET /World HTTP/1.1" 200 3912
INFO 2018-07-20 22:35:59,539 basehttp 28611 139625378678528 "GET /review HTTP/1.1" 200 3191
WARNING 2018-07-20 22:36:02,276 base 28611 139625378678528 Not Found: /robots.txt
WARNING 2018-07-20 22:36:02,281 basehttp 28611 139625378678528 "GET /robots.txt HTTP/1.1" 404 3238
INFO 2018-07-20 22:36:02,322 basehttp 28611 139625403856640 "POST /review HTTP/1.1" 302 0
INFO 2018-07-20 22:36:02,377 basehttp 28611 139625403856640 "GET /review HTTP/1.1" 200 3242
INFO 2018-07-20 22:36:04,448 basehttp 28611 139625403856640 "GET /decline/12 HTTP/1.1" 302 0
INFO 2018-07-20 22:36:04,550 basehttp 28611 139625403856640 "GET /review HTTP/1.1" 200 3189
INFO 2018-07-20 22:36:06,799 basehttp 28611 139625403856640 "POST /review HTTP/1.1" 302 0
INFO 2018-07-20 22:36:06,860 basehttp 28611 139625403856640 "GET /review HTTP/1.1" 200 2872
INFO 2018-07-20 22:36:08,888 basehttp 28611 139625403856640 "GET /World HTTP/1.1" 200 3898
INFO 2018-07-20 22:36:10,825 basehttp 28611 139625403856640 "GET /Design HTTP/1.1" 200 4293
INFO 2018-07-20 22:36:13,319 basehttp 28611 139625403856640 "GET /Technology HTTP/1.1" 200 3513
INFO 2018-07-20 22:36:15,066 basehttp 28611 139625403856640 "GET /Love HTTP/1.1" 200 3747
INFO 2018-07-20 22:36:17,328 basehttp 28611 139625403856640 "GET /Culture HTTP/1.1" 200 3044
INFO 2018-07-20 22:36:19,535 basehttp 28611 139625403856640 "GET /New HTTP/1.1" 200 3032
INFO 2018-07-20 22:36:53,067 basehttp 28611 139625403856640 "GET /logout HTTP/1.1" 302 0
INFO 2018-07-20 22:36:53,163 basehttp 28611 139625403856640 "GET / HTTP/1.1" 302 0
INFO 2018-07-20 22:36:53,264 basehttp 28611 139625403856640 "GET /World HTTP/1.1" 200 3820
INFO 2018-07-20 22:36:55,193 basehttp 28611 139625403856640 "GET /New HTTP/1.1" 200 2954
INFO 2018-07-20 22:36:58,119 basehttp 28611 139625403856640 "GET /Design HTTP/1.1" 200 4215
INFO 2018-07-20 22:38:40,097 basehttp 21837 139920451487488 "GET / HTTP/1.1" 302 0
INFO 2018-07-20 22:38:40,172 basehttp 21837 139920451487488 "GET /World HTTP/1.1" 200 3720
INFO 2018-07-20 22:38:45,124 basehttp 21837 139920451487488 "GET /login HTTP/1.1" 200 2503
INFO 2018-07-20 22:38:52,527 basehttp 21837 139920451487488 "POST /login HTTP/1.1" 302 0
INFO 2018-07-20 22:38:52,558 basehttp 21837 139920451487488 "GET / HTTP/1.1" 302 0
INFO 2018-07-20 22:38:52,645 basehttp 21837 139920451487488 "GET /World HTTP/1.1" 200 3798
INFO 2018-07-20 22:38:54,590 basehttp 21837 139920451487488 "GET /review HTTP/1.1" 200 3354
INFO 2018-07-20 22:38:56,735 basehttp 21837 139920451487488 "GET /decline/7 HTTP/1.1" 302 0
INFO 2018-07-20 22:38:56,811 basehttp 21837 139920451487488 "GET /review HTTP/1.1" 200 3604
ERROR 2018-07-20 22:38:58,428 exception 21837 139920451487488 Internal Server Error: /review
Traceback (most recent call last):
  File "/home/eugen/src/Light-Academy.Python/where_article/env/lib/python3.6/site-packages/django/core/handlers/exception.py", line 35, in inner
    response = get_response(request)
  File "/home/eugen/src/Light-Academy.Python/where_article/env/lib/python3.6/site-packages/django/core/handlers/base.py", line 128, in _get_response
    response = self.process_exception_by_middleware(e, request)
  File "/home/eugen/src/Light-Academy.Python/where_article/env/lib/python3.6/site-packages/django/core/handlers/base.py", line 126, in _get_response
    response = wrapped_callback(request, *callback_args, **callback_kwargs)
  File "/home/eugen/src/Light-Academy.Python/where_article/env/lib/python3.6/site-packages/django/views/generic/base.py", line 69, in view
    return self.dispatch(request, *args, **kwargs)
  File "/home/eugen/src/Light-Academy.Python/where_article/env/lib/python3.6/site-packages/django/contrib/auth/mixins.py", line 52, in dispatch
    return super().dispatch(request, *args, **kwargs)
  File "/home/eugen/src/Light-Academy.Python/where_article/env/lib/python3.6/site-packages/django/contrib/auth/mixins.py", line 85, in dispatch
    return super().dispatch(request, *args, **kwargs)
  File "/home/eugen/src/Light-Academy.Python/where_article/env/lib/python3.6/site-packages/django/views/generic/base.py", line 89, in dispatch
    return handler(request, *args, **kwargs)
  File "/home/eugen/src/Light-Academy.Python/where_article/article_app/views.py", line 133, in post
    article = Article.objects.get(title=request.POST.get('title'))
  File "/home/eugen/src/Light-Academy.Python/where_article/env/lib/python3.6/site-packages/django/db/models/manager.py", line 82, in manager_method
    return getattr(self.get_queryset(), name)(*args, **kwargs)
  File "/home/eugen/src/Light-Academy.Python/where_article/env/lib/python3.6/site-packages/django/db/models/query.py", line 407, in get
    (self.model._meta.object_name, num)
article_app.models.MultipleObjectsReturned: get() returned more than one Article -- it returned 2!
ERROR 2018-07-20 22:38:58,513 basehttp 21837 139920451487488 "POST /review HTTP/1.1" 500 103049
INFO 2018-07-20 22:45:21,545 basehttp 6734 140107434542848 "GET / HTTP/1.1" 302 0
INFO 2018-07-20 22:45:21,665 basehttp 6734 140107434542848 "GET /World HTTP/1.1" 200 3720
INFO 2018-07-20 22:45:24,398 basehttp 6734 140107434542848 "GET /login HTTP/1.1" 200 2503
INFO 2018-07-20 22:45:32,992 basehttp 6734 140107434542848 "POST /login HTTP/1.1" 302 0
INFO 2018-07-20 22:45:33,028 basehttp 6734 140107434542848 "GET / HTTP/1.1" 302 0
INFO 2018-07-20 22:45:33,088 basehttp 6734 140107434542848 "GET /World HTTP/1.1" 200 3720
INFO 2018-07-20 22:45:35,311 basehttp 6734 140107434542848 "GET /login HTTP/1.1" 200 2503
INFO 2018-07-20 22:45:39,527 basehttp 6734 140107434542848 "POST /login HTTP/1.1" 302 0
INFO 2018-07-20 22:45:39,567 basehttp 6734 140107434542848 "GET / HTTP/1.1" 302 0
INFO 2018-07-20 22:45:39,662 basehttp 6734 140107434542848 "GET /World HTTP/1.1" 200 3798
INFO 2018-07-20 22:45:41,847 basehttp 6734 140107434542848 "GET /review HTTP/1.1" 200 3354
INFO 2018-07-20 22:45:44,733 basehttp 6734 140107434542848 "POST /review HTTP/1.1" 302 0
INFO 2018-07-20 22:45:44,790 basehttp 6734 140107434542848 "GET /review HTTP/1.1" 200 3606
INFO 2018-07-20 22:45:46,966 basehttp 6734 140107434542848 "GET /decline/8 HTTP/1.1" 302 0
INFO 2018-07-20 22:45:47,016 basehttp 6734 140107434542848 "GET /review HTTP/1.1" 200 2800
WARNING 2018-07-20 22:45:47,144 base 6734 140107434542848 Not Found: /robots.txt
WARNING 2018-07-20 22:45:47,145 basehttp 6734 140107434542848 "GET /robots.txt HTTP/1.1" 404 3238
INFO 2018-07-20 22:45:55,332 basehttp 6734 140107434542848 "GET / HTTP/1.1" 302 0
INFO 2018-07-20 22:45:55,415 basehttp 6734 140107434542848 "GET /World HTTP/1.1" 200 3784
INFO 2018-07-20 22:45:56,276 basehttp 6734 140107434542848 "GET /World HTTP/1.1" 200 3784
INFO 2018-07-20 22:45:57,458 basehttp 6734 140107434542848 "GET /Design HTTP/1.1" 200 3935
INFO 2018-07-20 22:45:58,616 basehttp 6734 140107434542848 "GET /Technology HTTP/1.1" 200 3399
INFO 2018-07-20 22:46:00,075 basehttp 6734 140107434542848 "GET /Love HTTP/1.1" 200 3633
INFO 2018-07-20 22:46:01,203 basehttp 6734 140107434542848 "GET /Culture HTTP/1.1" 200 2678
INFO 2018-07-20 23:04:08,091 basehttp 27652 139880590571264 "GET /World HTTP/1.1" 200 4117
